[[1;34mINFO[m] Scanning for projects...
[[1;34mINFO[m] [1m------------------------------------------------------------------------[m
[[1;34mINFO[m] [1mReactor Build Order:[m
[[1;34mINFO[m] 
[[1;34mINFO[m] Apache Felix File Install Resolver Plugin                          [jar]
[[1;34mINFO[m] Apache Felix File Install Installer Plugin                         [jar]
[[1;34mINFO[m] Apache Felix File Install Plugin - Artifact Installer Integration Test [jar]
[[1;34mINFO[m] Apache Felix File Install Plugin Reactor                           [pom]
[[1;34mINFO[m] 
[[1;34mINFO[m] [1m---< [0;36morg.apache.felix:org.apache.felix.fileinstall.plugins.resolver[0;1m >---[m
[[1;34mINFO[m] [1mBuilding Apache Felix File Install Resolver Plugin 1.0.0-SNAPSHOT  [1/4][m
[[1;34mINFO[m] [1m--------------------------------[ jar ]---------------------------------[m
[[1;34mINFO[m] 
[[1;34mINFO[m] [1m--- [0;32mmaven-antrun-plugin:1.8:run[m [1m(set-bundle-required-execution-environment)[m @ [36morg.apache.felix.fileinstall.plugins.resolver[0;1m ---[m
[[1;34mINFO[m] Executing tasks

main:
Using felix.java.version=7
[[1;34mINFO[m] Executed tasks
[[1;34mINFO[m] 
[[1;34mINFO[m] [1m--- [0;32mmaven-remote-resources-plugin:1.5:process[m [1m(default)[m @ [36morg.apache.felix.fileinstall.plugins.resolver[0;1m ---[m
[[1;34mINFO[m] 
[[1;34mINFO[m] [1m--- [0;32mmaven-resources-plugin:2.7:resources[m [1m(default-resources)[m @ [36morg.apache.felix.fileinstall.plugins.resolver[0;1m ---[m
[[1;34mINFO[m] Using 'UTF-8' encoding to copy filtered resources.
[[1;34mINFO[m] skip non existing resourceDirectory /home/zixi2/felix-dev/fileinstall-plugins/resolver/src/main/resources
[[1;34mINFO[m] Copying 0 resource to META-INF
[[1;34mINFO[m] Copying 3 resources
[[1;34mINFO[m] 
[[1;34mINFO[m] [1m--- [0;32mmaven-compiler-plugin:3.2:compile[m [1m(default-compile)[m @ [36morg.apache.felix.fileinstall.plugins.resolver[0;1m ---[m
[[1;34mINFO[m] Changes detected - recompiling the module!
[[1;34mINFO[m] Compiling 20 source files to /home/zixi2/felix-dev/fileinstall-plugins/resolver/target/classes
[[1;34mINFO[m] /home/zixi2/felix-dev/fileinstall-plugins/resolver/src/main/java/org/apache/felix/fileinstall/plugins/resolver/impl/MyHashtable.java: Some input files use unchecked or unsafe operations.
[[1;34mINFO[m] /home/zixi2/felix-dev/fileinstall-plugins/resolver/src/main/java/org/apache/felix/fileinstall/plugins/resolver/impl/MyHashtable.java: Recompile with -Xlint:unchecked for details.
[[1;34mINFO[m] 
[[1;34mINFO[m] [1m--- [0;32mbnd-maven-plugin:3.4.0:bnd-process[m [1m(default-bnd-process)[m @ [36morg.apache.felix.fileinstall.plugins.resolver[0;1m ---[m
[[1;34mINFO[m] 
[[1;34mINFO[m] [1m--- [0;32mmaven-resources-plugin:2.7:testResources[m [1m(default-testResources)[m @ [36morg.apache.felix.fileinstall.plugins.resolver[0;1m ---[m
[[1;34mINFO[m] Using 'UTF-8' encoding to copy filtered resources.
[[1;34mINFO[m] skip non existing resourceDirectory /home/zixi2/felix-dev/fileinstall-plugins/resolver/src/test/resources
[[1;34mINFO[m] Copying 3 resources
[[1;34mINFO[m] 
[[1;34mINFO[m] [1m--- [0;32mmaven-compiler-plugin:3.2:testCompile[m [1m(default-testCompile)[m @ [36morg.apache.felix.fileinstall.plugins.resolver[0;1m ---[m
[[1;34mINFO[m] Changes detected - recompiling the module!
[[1;34mINFO[m] Compiling 2 source files to /home/zixi2/felix-dev/fileinstall-plugins/resolver/target/test-classes
[[1;34mINFO[m] 
[[1;34mINFO[m] [1m--- [0;32mmaven-surefire-plugin:2.18.1:test[m [1m(default-test)[m @ [36morg.apache.felix.fileinstall.plugins.resolver[0;1m ---[m
[[1;34mINFO[m] Surefire report directory: /home/zixi2/felix-dev/fileinstall-plugins/resolver/target/surefire-reports

-------------------------------------------------------
 T E S T S
-------------------------------------------------------
Running org.apache.felix.fileinstall.plugins.resolver.impl.URIUtilsTest
Tests run: 5, Failures: 0, Errors: 0, Skipped: 0, Time elapsed: 0.005 sec - in org.apache.felix.fileinstall.plugins.resolver.impl.URIUtilsTest
Running org.apache.felix.fileinstall.plugins.resolver.impl.PluginResolveContextTest
[CTEST][SET-PARAM] filter java.lang.Thread	org.apache.felix.fileinstall.plugins.resolver.impl.MyHashMap	org.apache.felix.fileinstall.plugins.resolver.impl.MyHashMap	org.apache.felix.fileinstall.plugins.resolver.impl.PluginResolveContextTest	org.apache.felix.fileinstall.plugins.resolver.impl.PluginResolveContextTest	sun.reflect.NativeMethodAccessorImpl	sun.reflect.NativeMethodAccessorImpl	sun.reflect.DelegatingMethodAccessorImpl	java.lang.reflect.Method	org.junit.runners.model.FrameworkMethod$1	org.junit.internal.runners.model.ReflectiveCallable	org.junit.runners.model.FrameworkMethod	org.junit.internal.runners.statements.InvokeMethod	org.junit.runners.ParentRunner	org.junit.runners.BlockJUnit4ClassRunner	org.junit.runners.BlockJUnit4ClassRunner	org.junit.runners.ParentRunner$3	org.junit.runners.ParentRunner$1	org.junit.runners.ParentRunner	org.junit.runners.ParentRunner	org.junit.runners.ParentRunner$2	org.junit.runners.ParentRunner	org.apache.maven.surefire.junit4.JUnit4Provider	org.apache.maven.surefire.junit4.JUnit4Provider	org.apache.maven.surefire.junit4.JUnit4Provider	org.apache.maven.surefire.junit4.JUnit4Provider	org.apache.maven.surefire.booter.ForkedBooter	org.apache.maven.surefire.booter.ForkedBooter	org.apache.maven.surefire.booter.ForkedBooter	
[CTEST][SET-PARAM] effective java.lang.Thread	org.apache.felix.fileinstall.plugins.resolver.impl.MyHashMap	org.apache.felix.fileinstall.plugins.resolver.impl.MyHashMap	org.apache.felix.fileinstall.plugins.resolver.impl.PluginResolveContextTest	org.apache.felix.fileinstall.plugins.resolver.impl.PluginResolveContextTest	sun.reflect.NativeMethodAccessorImpl	sun.reflect.NativeMethodAccessorImpl	sun.reflect.DelegatingMethodAccessorImpl	java.lang.reflect.Method	org.junit.runners.model.FrameworkMethod$1	org.junit.internal.runners.model.ReflectiveCallable	org.junit.runners.model.FrameworkMethod	org.junit.internal.runners.statements.InvokeMethod	org.junit.runners.ParentRunner	org.junit.runners.BlockJUnit4ClassRunner	org.junit.runners.BlockJUnit4ClassRunner	org.junit.runners.ParentRunner$3	org.junit.runners.ParentRunner$1	org.junit.runners.ParentRunner	org.junit.runners.ParentRunner	org.junit.runners.ParentRunner$2	org.junit.runners.ParentRunner	org.apache.maven.surefire.junit4.JUnit4Provider	org.apache.maven.surefire.junit4.JUnit4Provider	org.apache.maven.surefire.junit4.JUnit4Provider	org.apache.maven.surefire.junit4.JUnit4Provider	org.apache.maven.surefire.booter.ForkedBooter	org.apache.maven.surefire.booter.ForkedBooter	org.apache.maven.surefire.booter.ForkedBooter	
[CTEST][SET-PARAM] foo java.lang.Thread	org.apache.felix.fileinstall.plugins.resolver.impl.MyHashMap	org.apache.felix.fileinstall.plugins.resolver.impl.MyHashMap	org.apache.felix.fileinstall.plugins.resolver.impl.PluginResolveContextTest$7	org.apache.felix.fileinstall.plugins.resolver.impl.PluginResolveContextTest	sun.reflect.NativeMethodAccessorImpl	sun.reflect.NativeMethodAccessorImpl	sun.reflect.DelegatingMethodAccessorImpl	java.lang.reflect.Method	org.junit.runners.model.FrameworkMethod$1	org.junit.internal.runners.model.ReflectiveCallable	org.junit.runners.model.FrameworkMethod	org.junit.internal.runners.statements.InvokeMethod	org.junit.runners.ParentRunner	org.junit.runners.BlockJUnit4ClassRunner	org.junit.runners.BlockJUnit4ClassRunner	org.junit.runners.ParentRunner$3	org.junit.runners.ParentRunner$1	org.junit.runners.ParentRunner	org.junit.runners.ParentRunner	org.junit.runners.ParentRunner$2	org.junit.runners.ParentRunner	org.apache.maven.surefire.junit4.JUnit4Provider	org.apache.maven.surefire.junit4.JUnit4Provider	org.apache.maven.surefire.junit4.JUnit4Provider	org.apache.maven.surefire.junit4.JUnit4Provider	org.apache.maven.surefire.booter.ForkedBooter	org.apache.maven.surefire.booter.ForkedBooter	org.apache.maven.surefire.booter.ForkedBooter	
[CTEST][SET-PARAM] effective java.lang.Thread	org.apache.felix.fileinstall.plugins.resolver.impl.MyHashMap	org.apache.felix.fileinstall.plugins.resolver.impl.MyHashMap	org.apache.felix.fileinstall.plugins.resolver.impl.PluginResolveContextTest	org.apache.felix.fileinstall.plugins.resolver.impl.PluginResolveContextTest	sun.reflect.NativeMethodAccessorImpl	sun.reflect.NativeMethodAccessorImpl	sun.reflect.DelegatingMethodAccessorImpl	java.lang.reflect.Method	org.junit.runners.model.FrameworkMethod$1	org.junit.internal.runners.model.ReflectiveCallable	org.junit.runners.model.FrameworkMethod	org.junit.internal.runners.statements.InvokeMethod	org.junit.runners.ParentRunner	org.junit.runners.BlockJUnit4ClassRunner	org.junit.runners.BlockJUnit4ClassRunner	org.junit.runners.ParentRunner$3	org.junit.runners.ParentRunner$1	org.junit.runners.ParentRunner	org.junit.runners.ParentRunner	org.junit.runners.ParentRunner$2	org.junit.runners.ParentRunner	org.apache.maven.surefire.junit4.JUnit4Provider	org.apache.maven.surefire.junit4.JUnit4Provider	org.apache.maven.surefire.junit4.JUnit4Provider	org.apache.maven.surefire.junit4.JUnit4Provider	org.apache.maven.surefire.booter.ForkedBooter	org.apache.maven.surefire.booter.ForkedBooter	org.apache.maven.surefire.booter.ForkedBooter	
[CTEST][GET-PARAM] effective java.lang.Thread	org.apache.felix.fileinstall.plugins.resolver.impl.MyHashMap	org.apache.felix.fileinstall.plugins.resolver.impl.MyHashMap	java.util.Collections$UnmodifiableMap	org.apache.felix.fileinstall.plugins.resolver.impl.PluginResolveContext	org.apache.felix.fileinstall.plugins.resolver.impl.PluginResolveContext	org.apache.felix.fileinstall.plugins.resolver.impl.PluginResolveContextTest	sun.reflect.NativeMethodAccessorImpl	sun.reflect.NativeMethodAccessorImpl	sun.reflect.DelegatingMethodAccessorImpl	java.lang.reflect.Method	org.junit.runners.model.FrameworkMethod$1	org.junit.internal.runners.model.ReflectiveCallable	org.junit.runners.model.FrameworkMethod	org.junit.internal.runners.statements.InvokeMethod	org.junit.runners.ParentRunner	org.junit.runners.BlockJUnit4ClassRunner	org.junit.runners.BlockJUnit4ClassRunner	org.junit.runners.ParentRunner$3	org.junit.runners.ParentRunner$1	org.junit.runners.ParentRunner	org.junit.runners.ParentRunner	org.junit.runners.ParentRunner$2	org.junit.runners.ParentRunner	org.apache.maven.surefire.junit4.JUnit4Provider	org.apache.maven.surefire.junit4.JUnit4Provider	org.apache.maven.surefire.junit4.JUnit4Provider	org.apache.maven.surefire.junit4.JUnit4Provider	org.apache.maven.surefire.booter.ForkedBooter	org.apache.maven.surefire.booter.ForkedBooter	org.apache.maven.surefire.booter.ForkedBooter	
[CTEST][GET-PARAM] effective java.lang.Thread	org.apache.felix.fileinstall.plugins.resolver.impl.MyHashMap	org.apache.felix.fileinstall.plugins.resolver.impl.MyHashMap	java.util.Collections$UnmodifiableMap	org.apache.felix.fileinstall.plugins.resolver.impl.PluginResolveContext	org.apache.felix.fileinstall.plugins.resolver.impl.PluginResolveContext	org.apache.felix.fileinstall.plugins.resolver.impl.PluginResolveContextTest	sun.reflect.NativeMethodAccessorImpl	sun.reflect.NativeMethodAccessorImpl	sun.reflect.DelegatingMethodAccessorImpl	java.lang.reflect.Method	org.junit.runners.model.FrameworkMethod$1	org.junit.internal.runners.model.ReflectiveCallable	org.junit.runners.model.FrameworkMethod	org.junit.internal.runners.statements.InvokeMethod	org.junit.runners.ParentRunner	org.junit.runners.BlockJUnit4ClassRunner	org.junit.runners.BlockJUnit4ClassRunner	org.junit.runners.ParentRunner$3	org.junit.runners.ParentRunner$1	org.junit.runners.ParentRunner	org.junit.runners.ParentRunner	org.junit.runners.ParentRunner$2	org.junit.runners.ParentRunner	org.apache.maven.surefire.junit4.JUnit4Provider	org.apache.maven.surefire.junit4.JUnit4Provider	org.apache.maven.surefire.junit4.JUnit4Provider	org.apache.maven.surefire.junit4.JUnit4Provider	org.apache.maven.surefire.booter.ForkedBooter	org.apache.maven.surefire.booter.ForkedBooter	org.apache.maven.surefire.booter.ForkedBooter	
[CTEST][GET-PARAM] filter java.lang.Thread	org.apache.felix.fileinstall.plugins.resolver.impl.MyHashMap	org.apache.felix.fileinstall.plugins.resolver.impl.MyHashMap	java.util.Collections$UnmodifiableMap	org.apache.felix.fileinstall.plugins.resolver.impl.PluginResolveContext	org.apache.felix.fileinstall.plugins.resolver.impl.PluginResolveContext	org.apache.felix.fileinstall.plugins.resolver.impl.PluginResolveContextTest	sun.reflect.NativeMethodAccessorImpl	sun.reflect.NativeMethodAccessorImpl	sun.reflect.DelegatingMethodAccessorImpl	java.lang.reflect.Method	org.junit.runners.model.FrameworkMethod$1	org.junit.internal.runners.model.ReflectiveCallable	org.junit.runners.model.FrameworkMethod	org.junit.internal.runners.statements.InvokeMethod	org.junit.runners.ParentRunner	org.junit.runners.BlockJUnit4ClassRunner	org.junit.runners.BlockJUnit4ClassRunner	org.junit.runners.ParentRunner$3	org.junit.runners.ParentRunner$1	org.junit.runners.ParentRunner	org.junit.runners.ParentRunner	org.junit.runners.ParentRunner$2	org.junit.runners.ParentRunner	org.apache.maven.surefire.junit4.JUnit4Provider	org.apache.maven.surefire.junit4.JUnit4Provider	org.apache.maven.surefire.junit4.JUnit4Provider	org.apache.maven.surefire.junit4.JUnit4Provider	org.apache.maven.surefire.booter.ForkedBooter	org.apache.maven.surefire.booter.ForkedBooter	org.apache.maven.surefire.booter.ForkedBooter	
[CTEST][GET-PARAM] foo java.lang.Thread	org.apache.felix.fileinstall.plugins.resolver.impl.MyHashMap	org.apache.felix.fileinstall.plugins.resolver.impl.MyHashMap	java.util.Collections$UnmodifiableMap	org.osgi.framework.FrameworkUtil$FilterImpl	org.apache.felix.fileinstall.plugins.resolver.impl.PluginResolveContext	org.apache.felix.fileinstall.plugins.resolver.impl.PluginResolveContext	org.apache.felix.fileinstall.plugins.resolver.impl.PluginResolveContextTest	sun.reflect.NativeMethodAccessorImpl	sun.reflect.NativeMethodAccessorImpl	sun.reflect.DelegatingMethodAccessorImpl	java.lang.reflect.Method	org.junit.runners.model.FrameworkMethod$1	org.junit.internal.runners.model.ReflectiveCallable	org.junit.runners.model.FrameworkMethod	org.junit.internal.runners.statements.InvokeMethod	org.junit.runners.ParentRunner	org.junit.runners.BlockJUnit4ClassRunner	org.junit.runners.BlockJUnit4ClassRunner	org.junit.runners.ParentRunner$3	org.junit.runners.ParentRunner$1	org.junit.runners.ParentRunner	org.junit.runners.ParentRunner	org.junit.runners.ParentRunner$2	org.junit.runners.ParentRunner	org.apache.maven.surefire.junit4.JUnit4Provider	org.apache.maven.surefire.junit4.JUnit4Provider	org.apache.maven.surefire.junit4.JUnit4Provider	org.apache.maven.surefire.junit4.JUnit4Provider	org.apache.maven.surefire.booter.ForkedBooter	org.apache.maven.surefire.booter.ForkedBooter	org.apache.maven.surefire.booter.ForkedBooter	
[CTEST][SET-PARAM] filter java.lang.Thread	org.apache.felix.fileinstall.plugins.resolver.impl.MyHashMap	org.apache.felix.fileinstall.plugins.resolver.impl.MyHashMap	org.apache.felix.fileinstall.plugins.resolver.impl.PluginResolveContextTest	org.apache.felix.fileinstall.plugins.resolver.impl.PluginResolveContextTest	sun.reflect.NativeMethodAccessorImpl	sun.reflect.NativeMethodAccessorImpl	sun.reflect.DelegatingMethodAccessorImpl	java.lang.reflect.Method	org.junit.runners.model.FrameworkMethod$1	org.junit.internal.runners.model.ReflectiveCallable	org.junit.runners.model.FrameworkMethod	org.junit.internal.runners.statements.InvokeMethod	org.junit.runners.ParentRunner	org.junit.runners.BlockJUnit4ClassRunner	org.junit.runners.BlockJUnit4ClassRunner	org.junit.runners.ParentRunner$3	org.junit.runners.ParentRunner$1	org.junit.runners.ParentRunner	org.junit.runners.ParentRunner	org.junit.runners.ParentRunner$2	org.junit.runners.ParentRunner	org.apache.maven.surefire.junit4.JUnit4Provider	org.apache.maven.surefire.junit4.JUnit4Provider	org.apache.maven.surefire.junit4.JUnit4Provider	org.apache.maven.surefire.junit4.JUnit4Provider	org.apache.maven.surefire.booter.ForkedBooter	org.apache.maven.surefire.booter.ForkedBooter	org.apache.maven.surefire.booter.ForkedBooter	
[CTEST][SET-PARAM] foo java.lang.Thread	org.apache.felix.fileinstall.plugins.resolver.impl.MyHashMap	org.apache.felix.fileinstall.plugins.resolver.impl.MyHashMap	org.apache.felix.fileinstall.plugins.resolver.impl.PluginResolveContextTest$8	org.apache.felix.fileinstall.plugins.resolver.impl.PluginResolveContextTest	sun.reflect.NativeMethodAccessorImpl	sun.reflect.NativeMethodAccessorImpl	sun.reflect.DelegatingMethodAccessorImpl	java.lang.reflect.Method	org.junit.runners.model.FrameworkMethod$1	org.junit.internal.runners.model.ReflectiveCallable	org.junit.runners.model.FrameworkMethod	org.junit.internal.runners.statements.InvokeMethod	org.junit.runners.ParentRunner	org.junit.runners.BlockJUnit4ClassRunner	org.junit.runners.BlockJUnit4ClassRunner	org.junit.runners.ParentRunner$3	org.junit.runners.ParentRunner$1	org.junit.runners.ParentRunner	org.junit.runners.ParentRunner	org.junit.runners.ParentRunner$2	org.junit.runners.ParentRunner	org.apache.maven.surefire.junit4.JUnit4Provider	org.apache.maven.surefire.junit4.JUnit4Provider	org.apache.maven.surefire.junit4.JUnit4Provider	org.apache.maven.surefire.junit4.JUnit4Provider	org.apache.maven.surefire.booter.ForkedBooter	org.apache.maven.surefire.booter.ForkedBooter	org.apache.maven.surefire.booter.ForkedBooter	
[CTEST][SET-PARAM] effective java.lang.Thread	org.apache.felix.fileinstall.plugins.resolver.impl.MyHashMap	org.apache.felix.fileinstall.plugins.resolver.impl.MyHashMap	org.apache.felix.fileinstall.plugins.resolver.impl.PluginResolveContextTest	org.apache.felix.fileinstall.plugins.resolver.impl.PluginResolveContextTest	sun.reflect.NativeMethodAccessorImpl	sun.reflect.NativeMethodAccessorImpl	sun.reflect.DelegatingMethodAccessorImpl	java.lang.reflect.Method	org.junit.runners.model.FrameworkMethod$1	org.junit.internal.runners.model.ReflectiveCallable	org.junit.runners.model.FrameworkMethod	org.junit.internal.runners.statements.InvokeMethod	org.junit.runners.ParentRunner	org.junit.runners.BlockJUnit4ClassRunner	org.junit.runners.BlockJUnit4ClassRunner	org.junit.runners.ParentRunner$3	org.junit.runners.ParentRunner$1	org.junit.runners.ParentRunner	org.junit.runners.ParentRunner	org.junit.runners.ParentRunner$2	org.junit.runners.ParentRunner	org.apache.maven.surefire.junit4.JUnit4Provider	org.apache.maven.surefire.junit4.JUnit4Provider	org.apache.maven.surefire.junit4.JUnit4Provider	org.apache.maven.surefire.junit4.JUnit4Provider	org.apache.maven.surefire.booter.ForkedBooter	org.apache.maven.surefire.booter.ForkedBooter	org.apache.maven.surefire.booter.ForkedBooter	
[CTEST][GET-PARAM] effective java.lang.Thread	org.apache.felix.fileinstall.plugins.resolver.impl.MyHashMap	org.apache.felix.fileinstall.plugins.resolver.impl.MyHashMap	java.util.Collections$UnmodifiableMap	org.apache.felix.fileinstall.plugins.resolver.impl.PluginResolveContext	org.apache.felix.fileinstall.plugins.resolver.impl.PluginResolveContext	org.apache.felix.fileinstall.plugins.resolver.impl.PluginResolveContextTest	sun.reflect.NativeMethodAccessorImpl	sun.reflect.NativeMethodAccessorImpl	sun.reflect.DelegatingMethodAccessorImpl	java.lang.reflect.Method	org.junit.runners.model.FrameworkMethod$1	org.junit.internal.runners.model.ReflectiveCallable	org.junit.runners.model.FrameworkMethod	org.junit.internal.runners.statements.InvokeMethod	org.junit.runners.ParentRunner	org.junit.runners.BlockJUnit4ClassRunner	org.junit.runners.BlockJUnit4ClassRunner	org.junit.runners.ParentRunner$3	org.junit.runners.ParentRunner$1	org.junit.runners.ParentRunner	org.junit.runners.ParentRunner	org.junit.runners.ParentRunner$2	org.junit.runners.ParentRunner	org.apache.maven.surefire.junit4.JUnit4Provider	org.apache.maven.surefire.junit4.JUnit4Provider	org.apache.maven.surefire.junit4.JUnit4Provider	org.apache.maven.surefire.junit4.JUnit4Provider	org.apache.maven.surefire.booter.ForkedBooter	org.apache.maven.surefire.booter.ForkedBooter	org.apache.maven.surefire.booter.ForkedBooter	
[CTEST][GET-PARAM] effective java.lang.Thread	org.apache.felix.fileinstall.plugins.resolver.impl.MyHashMap	org.apache.felix.fileinstall.plugins.resolver.impl.MyHashMap	java.util.Collections$UnmodifiableMap	org.apache.felix.fileinstall.plugins.resolver.impl.PluginResolveContext	org.apache.felix.fileinstall.plugins.resolver.impl.PluginResolveContext	org.apache.felix.fileinstall.plugins.resolver.impl.PluginResolveContextTest	sun.reflect.NativeMethodAccessorImpl	sun.reflect.NativeMethodAccessorImpl	sun.reflect.DelegatingMethodAccessorImpl	java.lang.reflect.Method	org.junit.runners.model.FrameworkMethod$1	org.junit.internal.runners.model.ReflectiveCallable	org.junit.runners.model.FrameworkMethod	org.junit.internal.runners.statements.InvokeMethod	org.junit.runners.ParentRunner	org.junit.runners.BlockJUnit4ClassRunner	org.junit.runners.BlockJUnit4ClassRunner	org.junit.runners.ParentRunner$3	org.junit.runners.ParentRunner$1	org.junit.runners.ParentRunner	org.junit.runners.ParentRunner	org.junit.runners.ParentRunner$2	org.junit.runners.ParentRunner	org.apache.maven.surefire.junit4.JUnit4Provider	org.apache.maven.surefire.junit4.JUnit4Provider	org.apache.maven.surefire.junit4.JUnit4Provider	org.apache.maven.surefire.junit4.JUnit4Provider	org.apache.maven.surefire.booter.ForkedBooter	org.apache.maven.surefire.booter.ForkedBooter	org.apache.maven.surefire.booter.ForkedBooter	
[CTEST][SET-PARAM] filter java.lang.Thread	org.apache.felix.fileinstall.plugins.resolver.impl.MyHashMap	org.apache.felix.fileinstall.plugins.resolver.impl.MyHashMap	org.apache.felix.fileinstall.plugins.resolver.impl.PluginResolveContextTest	org.apache.felix.fileinstall.plugins.resolver.impl.PluginResolveContextTest	sun.reflect.NativeMethodAccessorImpl	sun.reflect.NativeMethodAccessorImpl	sun.reflect.DelegatingMethodAccessorImpl	java.lang.reflect.Method	org.junit.runners.model.FrameworkMethod$1	org.junit.internal.runners.model.ReflectiveCallable	org.junit.runners.model.FrameworkMethod	org.junit.internal.runners.statements.InvokeMethod	org.junit.runners.ParentRunner	org.junit.runners.BlockJUnit4ClassRunner	org.junit.runners.BlockJUnit4ClassRunner	org.junit.runners.ParentRunner$3	org.junit.runners.ParentRunner$1	org.junit.runners.ParentRunner	org.junit.runners.ParentRunner	org.junit.runners.ParentRunner$2	org.junit.runners.ParentRunner	org.apache.maven.surefire.junit4.JUnit4Provider	org.apache.maven.surefire.junit4.JUnit4Provider	org.apache.maven.surefire.junit4.JUnit4Provider	org.apache.maven.surefire.junit4.JUnit4Provider	org.apache.maven.surefire.booter.ForkedBooter	org.apache.maven.surefire.booter.ForkedBooter	org.apache.maven.surefire.booter.ForkedBooter	
[CTEST][SET-PARAM] effective java.lang.Thread	org.apache.felix.fileinstall.plugins.resolver.impl.MyHashMap	org.apache.felix.fileinstall.plugins.resolver.impl.MyHashMap	org.apache.felix.fileinstall.plugins.resolver.impl.PluginResolveContextTest	org.apache.felix.fileinstall.plugins.resolver.impl.PluginResolveContextTest	sun.reflect.NativeMethodAccessorImpl	sun.reflect.NativeMethodAccessorImpl	sun.reflect.DelegatingMethodAccessorImpl	java.lang.reflect.Method	org.junit.runners.model.FrameworkMethod$1	org.junit.internal.runners.model.ReflectiveCallable	org.junit.runners.model.FrameworkMethod	org.junit.internal.runners.statements.InvokeMethod	org.junit.runners.ParentRunner	org.junit.runners.BlockJUnit4ClassRunner	org.junit.runners.BlockJUnit4ClassRunner	org.junit.runners.ParentRunner$3	org.junit.runners.ParentRunner$1	org.junit.runners.ParentRunner	org.junit.runners.ParentRunner	org.junit.runners.ParentRunner$2	org.junit.runners.ParentRunner	org.apache.maven.surefire.junit4.JUnit4Provider	org.apache.maven.surefire.junit4.JUnit4Provider	org.apache.maven.surefire.junit4.JUnit4Provider	org.apache.maven.surefire.junit4.JUnit4Provider	org.apache.maven.surefire.booter.ForkedBooter	org.apache.maven.surefire.booter.ForkedBooter	org.apache.maven.surefire.booter.ForkedBooter	
[CTEST][SET-PARAM] foo java.lang.Thread	org.apache.felix.fileinstall.plugins.resolver.impl.MyHashMap	org.apache.felix.fileinstall.plugins.resolver.impl.MyHashMap	org.apache.felix.fileinstall.plugins.resolver.impl.PluginResolveContextTest$9	org.apache.felix.fileinstall.plugins.resolver.impl.PluginResolveContextTest	sun.reflect.NativeMethodAccessorImpl	sun.reflect.NativeMethodAccessorImpl	sun.reflect.DelegatingMethodAccessorImpl	java.lang.reflect.Method	org.junit.runners.model.FrameworkMethod$1	org.junit.internal.runners.model.ReflectiveCallable	org.junit.runners.model.FrameworkMethod	org.junit.internal.runners.statements.InvokeMethod	org.junit.runners.ParentRunner	org.junit.runners.BlockJUnit4ClassRunner	org.junit.runners.BlockJUnit4ClassRunner	org.junit.runners.ParentRunner$3	org.junit.runners.ParentRunner$1	org.junit.runners.ParentRunner	org.junit.runners.ParentRunner	org.junit.runners.ParentRunner$2	org.junit.runners.ParentRunner	org.apache.maven.surefire.junit4.JUnit4Provider	org.apache.maven.surefire.junit4.JUnit4Provider	org.apache.maven.surefire.junit4.JUnit4Provider	org.apache.maven.surefire.junit4.JUnit4Provider	org.apache.maven.surefire.booter.ForkedBooter	org.apache.maven.surefire.booter.ForkedBooter	org.apache.maven.surefire.booter.ForkedBooter	
[CTEST][SET-PARAM] effective java.lang.Thread	org.apache.felix.fileinstall.plugins.resolver.impl.MyHashMap	org.apache.felix.fileinstall.plugins.resolver.impl.MyHashMap	org.apache.felix.fileinstall.plugins.resolver.impl.PluginResolveContextTest	org.apache.felix.fileinstall.plugins.resolver.impl.PluginResolveContextTest	sun.reflect.NativeMethodAccessorImpl	sun.reflect.NativeMethodAccessorImpl	sun.reflect.DelegatingMethodAccessorImpl	java.lang.reflect.Method	org.junit.runners.model.FrameworkMethod$1	org.junit.internal.runners.model.ReflectiveCallable	org.junit.runners.model.FrameworkMethod	org.junit.internal.runners.statements.InvokeMethod	org.junit.runners.ParentRunner	org.junit.runners.BlockJUnit4ClassRunner	org.junit.runners.BlockJUnit4ClassRunner	org.junit.runners.ParentRunner$3	org.junit.runners.ParentRunner$1	org.junit.runners.ParentRunner	org.junit.runners.ParentRunner	org.junit.runners.ParentRunner$2	org.junit.runners.ParentRunner	org.apache.maven.surefire.junit4.JUnit4Provider	org.apache.maven.surefire.junit4.JUnit4Provider	org.apache.maven.surefire.junit4.JUnit4Provider	org.apache.maven.surefire.junit4.JUnit4Provider	org.apache.maven.surefire.booter.ForkedBooter	org.apache.maven.surefire.booter.ForkedBooter	org.apache.maven.surefire.booter.ForkedBooter	
[CTEST][GET-PARAM] effective java.lang.Thread	org.apache.felix.fileinstall.plugins.resolver.impl.MyHashMap	org.apache.felix.fileinstall.plugins.resolver.impl.MyHashMap	java.util.Collections$UnmodifiableMap	org.apache.felix.fileinstall.plugins.resolver.impl.PluginResolveContext	org.apache.felix.fileinstall.plugins.resolver.impl.PluginResolveContext	org.apache.felix.fileinstall.plugins.resolver.impl.PluginResolveContextTest	sun.reflect.NativeMethodAccessorImpl	sun.reflect.NativeMethodAccessorImpl	sun.reflect.DelegatingMethodAccessorImpl	java.lang.reflect.Method	org.junit.runners.model.FrameworkMethod$1	org.junit.internal.runners.model.ReflectiveCallable	org.junit.runners.model.FrameworkMethod	org.junit.internal.runners.statements.InvokeMethod	org.junit.runners.ParentRunner	org.junit.runners.BlockJUnit4ClassRunner	org.junit.runners.BlockJUnit4ClassRunner	org.junit.runners.ParentRunner$3	org.junit.runners.ParentRunner$1	org.junit.runners.ParentRunner	org.junit.runners.ParentRunner	org.junit.runners.ParentRunner$2	org.junit.runners.ParentRunner	org.apache.maven.surefire.junit4.JUnit4Provider	org.apache.maven.surefire.junit4.JUnit4Provider	org.apache.maven.surefire.junit4.JUnit4Provider	org.apache.maven.surefire.junit4.JUnit4Provider	org.apache.maven.surefire.booter.ForkedBooter	org.apache.maven.surefire.booter.ForkedBooter	org.apache.maven.surefire.booter.ForkedBooter	
[CTEST][GET-PARAM] effective java.lang.Thread	org.apache.felix.fileinstall.plugins.resolver.impl.MyHashMap	org.apache.felix.fileinstall.plugins.resolver.impl.MyHashMap	java.util.Collections$UnmodifiableMap	org.apache.felix.fileinstall.plugins.resolver.impl.PluginResolveContext	org.apache.felix.fileinstall.plugins.resolver.impl.PluginResolveContext	org.apache.felix.fileinstall.plugins.resolver.impl.PluginResolveContextTest	sun.reflect.NativeMethodAccessorImpl	sun.reflect.NativeMethodAccessorImpl	sun.reflect.DelegatingMethodAccessorImpl	java.lang.reflect.Method	org.junit.runners.model.FrameworkMethod$1	org.junit.internal.runners.model.ReflectiveCallable	org.junit.runners.model.FrameworkMethod	org.junit.internal.runners.statements.InvokeMethod	org.junit.runners.ParentRunner	org.junit.runners.BlockJUnit4ClassRunner	org.junit.runners.BlockJUnit4ClassRunner	org.junit.runners.ParentRunner$3	org.junit.runners.ParentRunner$1	org.junit.runners.ParentRunner	org.junit.runners.ParentRunner	org.junit.runners.ParentRunner$2	org.junit.runners.ParentRunner	org.apache.maven.surefire.junit4.JUnit4Provider	org.apache.maven.surefire.junit4.JUnit4Provider	org.apache.maven.surefire.junit4.JUnit4Provider	org.apache.maven.surefire.junit4.JUnit4Provider	org.apache.maven.surefire.booter.ForkedBooter	org.apache.maven.surefire.booter.ForkedBooter	org.apache.maven.surefire.booter.ForkedBooter	
[CTEST][SET-PARAM] filter java.lang.Thread	org.apache.felix.fileinstall.plugins.resolver.impl.MyHashMap	org.apache.felix.fileinstall.plugins.resolver.impl.MyHashMap	org.apache.felix.fileinstall.plugins.resolver.impl.PluginResolveContextTest	org.apache.felix.fileinstall.plugins.resolver.impl.PluginResolveContextTest	sun.reflect.NativeMethodAccessorImpl	sun.reflect.NativeMethodAccessorImpl	sun.reflect.DelegatingMethodAccessorImpl	java.lang.reflect.Method	org.junit.runners.model.FrameworkMethod$1	org.junit.internal.runners.model.ReflectiveCallable	org.junit.runners.model.FrameworkMethod	org.junit.internal.runners.statements.InvokeMethod	org.junit.runners.ParentRunner	org.junit.runners.BlockJUnit4ClassRunner	org.junit.runners.BlockJUnit4ClassRunner	org.junit.runners.ParentRunner$3	org.junit.runners.ParentRunner$1	org.junit.runners.ParentRunner	org.junit.runners.ParentRunner	org.junit.runners.ParentRunner$2	org.junit.runners.ParentRunner	org.apache.maven.surefire.junit4.JUnit4Provider	org.apache.maven.surefire.junit4.JUnit4Provider	org.apache.maven.surefire.junit4.JUnit4Provider	org.apache.maven.surefire.junit4.JUnit4Provider	org.apache.maven.surefire.booter.ForkedBooter	org.apache.maven.surefire.booter.ForkedBooter	org.apache.maven.surefire.booter.ForkedBooter	
[CTEST][SET-PARAM] effective java.lang.Thread	org.apache.felix.fileinstall.plugins.resolver.impl.MyHashMap	org.apache.felix.fileinstall.plugins.resolver.impl.MyHashMap	org.apache.felix.fileinstall.plugins.resolver.impl.PluginResolveContextTest	org.apache.felix.fileinstall.plugins.resolver.impl.PluginResolveContextTest	sun.reflect.NativeMethodAccessorImpl	sun.reflect.NativeMethodAccessorImpl	sun.reflect.DelegatingMethodAccessorImpl	java.lang.reflect.Method	org.junit.runners.model.FrameworkMethod$1	org.junit.internal.runners.model.ReflectiveCallable	org.junit.runners.model.FrameworkMethod	org.junit.internal.runners.statements.InvokeMethod	org.junit.runners.ParentRunner	org.junit.runners.BlockJUnit4ClassRunner	org.junit.runners.BlockJUnit4ClassRunner	org.junit.runners.ParentRunner$3	org.junit.runners.ParentRunner$1	org.junit.runners.ParentRunner	org.junit.runners.ParentRunner	org.junit.runners.ParentRunner$2	org.junit.runners.ParentRunner	org.apache.maven.surefire.junit4.JUnit4Provider	org.apache.maven.surefire.junit4.JUnit4Provider	org.apache.maven.surefire.junit4.JUnit4Provider	org.apache.maven.surefire.junit4.JUnit4Provider	org.apache.maven.surefire.booter.ForkedBooter	org.apache.maven.surefire.booter.ForkedBooter	org.apache.maven.surefire.booter.ForkedBooter	
[CTEST][SET-PARAM] foo java.lang.Thread	org.apache.felix.fileinstall.plugins.resolver.impl.MyHashMap	org.apache.felix.fileinstall.plugins.resolver.impl.MyHashMap	org.apache.felix.fileinstall.plugins.resolver.impl.PluginResolveContextTest$10	org.apache.felix.fileinstall.plugins.resolver.impl.PluginResolveContextTest	sun.reflect.NativeMethodAccessorImpl	sun.reflect.NativeMethodAccessorImpl	sun.reflect.DelegatingMethodAccessorImpl	java.lang.reflect.Method	org.junit.runners.model.FrameworkMethod$1	org.junit.internal.runners.model.ReflectiveCallable	org.junit.runners.model.FrameworkMethod	org.junit.internal.runners.statements.InvokeMethod	org.junit.runners.ParentRunner	org.junit.runners.BlockJUnit4ClassRunner	org.junit.runners.BlockJUnit4ClassRunner	org.junit.runners.ParentRunner$3	org.junit.runners.ParentRunner$1	org.junit.runners.ParentRunner	org.junit.runners.ParentRunner	org.junit.runners.ParentRunner$2	org.junit.runners.ParentRunner	org.apache.maven.surefire.junit4.JUnit4Provider	org.apache.maven.surefire.junit4.JUnit4Provider	org.apache.maven.surefire.junit4.JUnit4Provider	org.apache.maven.surefire.junit4.JUnit4Provider	org.apache.maven.surefire.booter.ForkedBooter	org.apache.maven.surefire.booter.ForkedBooter	org.apache.maven.surefire.booter.ForkedBooter	
[CTEST][SET-PARAM] effective java.lang.Thread	org.apache.felix.fileinstall.plugins.resolver.impl.MyHashMap	org.apache.felix.fileinstall.plugins.resolver.impl.MyHashMap	org.apache.felix.fileinstall.plugins.resolver.impl.PluginResolveContextTest	org.apache.felix.fileinstall.plugins.resolver.impl.PluginResolveContextTest	sun.reflect.NativeMethodAccessorImpl	sun.reflect.NativeMethodAccessorImpl	sun.reflect.DelegatingMethodAccessorImpl	java.lang.reflect.Method	org.junit.runners.model.FrameworkMethod$1	org.junit.internal.runners.model.ReflectiveCallable	org.junit.runners.model.FrameworkMethod	org.junit.internal.runners.statements.InvokeMethod	org.junit.runners.ParentRunner	org.junit.runners.BlockJUnit4ClassRunner	org.junit.runners.BlockJUnit4ClassRunner	org.junit.runners.ParentRunner$3	org.junit.runners.ParentRunner$1	org.junit.runners.ParentRunner	org.junit.runners.ParentRunner	org.junit.runners.ParentRunner$2	org.junit.runners.ParentRunner	org.apache.maven.surefire.junit4.JUnit4Provider	org.apache.maven.surefire.junit4.JUnit4Provider	org.apache.maven.surefire.junit4.JUnit4Provider	org.apache.maven.surefire.junit4.JUnit4Provider	org.apache.maven.surefire.booter.ForkedBooter	org.apache.maven.surefire.booter.ForkedBooter	org.apache.maven.surefire.booter.ForkedBooter	
[CTEST][GET-PARAM] effective java.lang.Thread	org.apache.felix.fileinstall.plugins.resolver.impl.MyHashMap	org.apache.felix.fileinstall.plugins.resolver.impl.MyHashMap	java.util.Collections$UnmodifiableMap	org.apache.felix.fileinstall.plugins.resolver.impl.PluginResolveContext	org.apache.felix.fileinstall.plugins.resolver.impl.PluginResolveContext	org.apache.felix.fileinstall.plugins.resolver.impl.PluginResolveContextTest	sun.reflect.NativeMethodAccessorImpl	sun.reflect.NativeMethodAccessorImpl	sun.reflect.DelegatingMethodAccessorImpl	java.lang.reflect.Method	org.junit.runners.model.FrameworkMethod$1	org.junit.internal.runners.model.ReflectiveCallable	org.junit.runners.model.FrameworkMethod	org.junit.internal.runners.statements.InvokeMethod	org.junit.runners.ParentRunner	org.junit.runners.BlockJUnit4ClassRunner	org.junit.runners.BlockJUnit4ClassRunner	org.junit.runners.ParentRunner$3	org.junit.runners.ParentRunner$1	org.junit.runners.ParentRunner	org.junit.runners.ParentRunner	org.junit.runners.ParentRunner$2	org.junit.runners.ParentRunner	org.apache.maven.surefire.junit4.JUnit4Provider	org.apache.maven.surefire.junit4.JUnit4Provider	org.apache.maven.surefire.junit4.JUnit4Provider	org.apache.maven.surefire.junit4.JUnit4Provider	org.apache.maven.surefire.booter.ForkedBooter	org.apache.maven.surefire.booter.ForkedBooter	org.apache.maven.surefire.booter.ForkedBooter	
[CTEST][GET-PARAM] effective java.lang.Thread	org.apache.felix.fileinstall.plugins.resolver.impl.MyHashMap	org.apache.felix.fileinstall.plugins.resolver.impl.MyHashMap	java.util.Collections$UnmodifiableMap	org.apache.felix.fileinstall.plugins.resolver.impl.PluginResolveContext	org.apache.felix.fileinstall.plugins.resolver.impl.PluginResolveContext	org.apache.felix.fileinstall.plugins.resolver.impl.PluginResolveContextTest	sun.reflect.NativeMethodAccessorImpl	sun.reflect.NativeMethodAccessorImpl	sun.reflect.DelegatingMethodAccessorImpl	java.lang.reflect.Method	org.junit.runners.model.FrameworkMethod$1	org.junit.internal.runners.model.ReflectiveCallable	org.junit.runners.model.FrameworkMethod	org.junit.internal.runners.statements.InvokeMethod	org.junit.runners.ParentRunner	org.junit.runners.BlockJUnit4ClassRunner	org.junit.runners.BlockJUnit4ClassRunner	org.junit.runners.ParentRunner$3	org.junit.runners.ParentRunner$1	org.junit.runners.ParentRunner	org.junit.runners.ParentRunner	org.junit.runners.ParentRunner$2	org.junit.runners.ParentRunner	org.apache.maven.surefire.junit4.JUnit4Provider	org.apache.maven.surefire.junit4.JUnit4Provider	org.apache.maven.surefire.junit4.JUnit4Provider	org.apache.maven.surefire.junit4.JUnit4Provider	org.apache.maven.surefire.booter.ForkedBooter	org.apache.maven.surefire.booter.ForkedBooter	org.apache.maven.surefire.booter.ForkedBooter	
[CTEST][SET-PARAM] filter java.lang.Thread	org.apache.felix.fileinstall.plugins.resolver.impl.MyHashMap	org.apache.felix.fileinstall.plugins.resolver.impl.MyHashMap	org.apache.felix.fileinstall.plugins.resolver.impl.PluginResolveContextTest	org.apache.felix.fileinstall.plugins.resolver.impl.PluginResolveContextTest	sun.reflect.NativeMethodAccessorImpl	sun.reflect.NativeMethodAccessorImpl	sun.reflect.DelegatingMethodAccessorImpl	java.lang.reflect.Method	org.junit.runners.model.FrameworkMethod$1	org.junit.internal.runners.model.ReflectiveCallable	org.junit.runners.model.FrameworkMethod	org.junit.internal.runners.statements.InvokeMethod	org.junit.runners.ParentRunner	org.junit.runners.BlockJUnit4ClassRunner	org.junit.runners.BlockJUnit4ClassRunner	org.junit.runners.ParentRunner$3	org.junit.runners.ParentRunner$1	org.junit.runners.ParentRunner	org.junit.runners.ParentRunner	org.junit.runners.ParentRunner$2	org.junit.runners.ParentRunner	org.apache.maven.surefire.junit4.JUnit4Provider	org.apache.maven.surefire.junit4.JUnit4Provider	org.apache.maven.surefire.junit4.JUnit4Provider	org.apache.maven.surefire.junit4.JUnit4Provider	org.apache.maven.surefire.booter.ForkedBooter	org.apache.maven.surefire.booter.ForkedBooter	org.apache.maven.surefire.booter.ForkedBooter	
[CTEST][SET-PARAM] foo java.lang.Thread	org.apache.felix.fileinstall.plugins.resolver.impl.MyHashMap	org.apache.felix.fileinstall.plugins.resolver.impl.MyHashMap	org.apache.felix.fileinstall.plugins.resolver.impl.PluginResolveContextTest$1	org.apache.felix.fileinstall.plugins.resolver.impl.PluginResolveContextTest	sun.reflect.NativeMethodAccessorImpl	sun.reflect.NativeMethodAccessorImpl	sun.reflect.DelegatingMethodAccessorImpl	java.lang.reflect.Method	org.junit.runners.model.FrameworkMethod$1	org.junit.internal.runners.model.ReflectiveCallable	org.junit.runners.model.FrameworkMethod	org.junit.internal.runners.statements.InvokeMethod	org.junit.runners.ParentRunner	org.junit.runners.BlockJUnit4ClassRunner	org.junit.runners.BlockJUnit4ClassRunner	org.junit.runners.ParentRunner$3	org.junit.runners.ParentRunner$1	org.junit.runners.ParentRunner	org.junit.runners.ParentRunner	org.junit.runners.ParentRunner$2	org.junit.runners.ParentRunner	org.apache.maven.surefire.junit4.JUnit4Provider	org.apache.maven.surefire.junit4.JUnit4Provider	org.apache.maven.surefire.junit4.JUnit4Provider	org.apache.maven.surefire.junit4.JUnit4Provider	org.apache.maven.surefire.booter.ForkedBooter	org.apache.maven.surefire.booter.ForkedBooter	org.apache.maven.surefire.booter.ForkedBooter	
[CTEST][GET-PARAM] effective java.lang.Thread	org.apache.felix.fileinstall.plugins.resolver.impl.MyHashMap	org.apache.felix.fileinstall.plugins.resolver.impl.MyHashMap	java.util.Collections$UnmodifiableMap	org.apache.felix.fileinstall.plugins.resolver.impl.PluginResolveContext	org.apache.felix.fileinstall.plugins.resolver.impl.PluginResolveContext	org.apache.felix.fileinstall.plugins.resolver.impl.PluginResolveContextTest	sun.reflect.NativeMethodAccessorImpl	sun.reflect.NativeMethodAccessorImpl	sun.reflect.DelegatingMethodAccessorImpl	java.lang.reflect.Method	org.junit.runners.model.FrameworkMethod$1	org.junit.internal.runners.model.ReflectiveCallable	org.junit.runners.model.FrameworkMethod	org.junit.internal.runners.statements.InvokeMethod	org.junit.runners.ParentRunner	org.junit.runners.BlockJUnit4ClassRunner	org.junit.runners.BlockJUnit4ClassRunner	org.junit.runners.ParentRunner$3	org.junit.runners.ParentRunner$1	org.junit.runners.ParentRunner	org.junit.runners.ParentRunner	org.junit.runners.ParentRunner$2	org.junit.runners.ParentRunner	org.apache.maven.surefire.junit4.JUnit4Provider	org.apache.maven.surefire.junit4.JUnit4Provider	org.apache.maven.surefire.junit4.JUnit4Provider	org.apache.maven.surefire.junit4.JUnit4Provider	org.apache.maven.surefire.booter.ForkedBooter	org.apache.maven.surefire.booter.ForkedBooter	org.apache.maven.surefire.booter.ForkedBooter	
[CTEST][GET-PARAM] filter java.lang.Thread	org.apache.felix.fileinstall.plugins.resolver.impl.MyHashMap	org.apache.felix.fileinstall.plugins.resolver.impl.MyHashMap	java.util.Collections$UnmodifiableMap	org.apache.felix.fileinstall.plugins.resolver.impl.PluginResolveContext	org.apache.felix.fileinstall.plugins.resolver.impl.PluginResolveContext	org.apache.felix.fileinstall.plugins.resolver.impl.PluginResolveContextTest	sun.reflect.NativeMethodAccessorImpl	sun.reflect.NativeMethodAccessorImpl	sun.reflect.DelegatingMethodAccessorImpl	java.lang.reflect.Method	org.junit.runners.model.FrameworkMethod$1	org.junit.internal.runners.model.ReflectiveCallable	org.junit.runners.model.FrameworkMethod	org.junit.internal.runners.statements.InvokeMethod	org.junit.runners.ParentRunner	org.junit.runners.BlockJUnit4ClassRunner	org.junit.runners.BlockJUnit4ClassRunner	org.junit.runners.ParentRunner$3	org.junit.runners.ParentRunner$1	org.junit.runners.ParentRunner	org.junit.runners.ParentRunner	org.junit.runners.ParentRunner$2	org.junit.runners.ParentRunner	org.apache.maven.surefire.junit4.JUnit4Provider	org.apache.maven.surefire.junit4.JUnit4Provider	org.apache.maven.surefire.junit4.JUnit4Provider	org.apache.maven.surefire.junit4.JUnit4Provider	org.apache.maven.surefire.booter.ForkedBooter	org.apache.maven.surefire.booter.ForkedBooter	org.apache.maven.surefire.booter.ForkedBooter	
[CTEST][GET-PARAM] foo java.lang.Thread	org.apache.felix.fileinstall.plugins.resolver.impl.MyHashMap	org.apache.felix.fileinstall.plugins.resolver.impl.MyHashMap	java.util.Collections$UnmodifiableMap	org.osgi.framework.FrameworkUtil$FilterImpl	org.apache.felix.fileinstall.plugins.resolver.impl.PluginResolveContext	org.apache.felix.fileinstall.plugins.resolver.impl.PluginResolveContext	org.apache.felix.fileinstall.plugins.resolver.impl.PluginResolveContextTest	sun.reflect.NativeMethodAccessorImpl	sun.reflect.NativeMethodAccessorImpl	sun.reflect.DelegatingMethodAccessorImpl	java.lang.reflect.Method	org.junit.runners.model.FrameworkMethod$1	org.junit.internal.runners.model.ReflectiveCallable	org.junit.runners.model.FrameworkMethod	org.junit.internal.runners.statements.InvokeMethod	org.junit.runners.ParentRunner	org.junit.runners.BlockJUnit4ClassRunner	org.junit.runners.BlockJUnit4ClassRunner	org.junit.runners.ParentRunner$3	org.junit.runners.ParentRunner$1	org.junit.runners.ParentRunner	org.junit.runners.ParentRunner	org.junit.runners.ParentRunner$2	org.junit.runners.ParentRunner	org.apache.maven.surefire.junit4.JUnit4Provider	org.apache.maven.surefire.junit4.JUnit4Provider	org.apache.maven.surefire.junit4.JUnit4Provider	org.apache.maven.surefire.junit4.JUnit4Provider	org.apache.maven.surefire.booter.ForkedBooter	org.apache.maven.surefire.booter.ForkedBooter	org.apache.maven.surefire.booter.ForkedBooter	
[CTEST][SET-PARAM] filter java.lang.Thread	org.apache.felix.fileinstall.plugins.resolver.impl.MyHashMap	org.apache.felix.fileinstall.plugins.resolver.impl.MyHashMap	org.apache.felix.fileinstall.plugins.resolver.impl.PluginResolveContextTest	org.apache.felix.fileinstall.plugins.resolver.impl.PluginResolveContextTest	sun.reflect.NativeMethodAccessorImpl	sun.reflect.NativeMethodAccessorImpl	sun.reflect.DelegatingMethodAccessorImpl	java.lang.reflect.Method	org.junit.runners.model.FrameworkMethod$1	org.junit.internal.runners.model.ReflectiveCallable	org.junit.runners.model.FrameworkMethod	org.junit.internal.runners.statements.InvokeMethod	org.junit.runners.ParentRunner	org.junit.runners.BlockJUnit4ClassRunner	org.junit.runners.BlockJUnit4ClassRunner	org.junit.runners.ParentRunner$3	org.junit.runners.ParentRunner$1	org.junit.runners.ParentRunner	org.junit.runners.ParentRunner	org.junit.runners.ParentRunner$2	org.junit.runners.ParentRunner	org.apache.maven.surefire.junit4.JUnit4Provider	org.apache.maven.surefire.junit4.JUnit4Provider	org.apache.maven.surefire.junit4.JUnit4Provider	org.apache.maven.surefire.junit4.JUnit4Provider	org.apache.maven.surefire.booter.ForkedBooter	org.apache.maven.surefire.booter.ForkedBooter	org.apache.maven.surefire.booter.ForkedBooter	
[CTEST][SET-PARAM] foo java.lang.Thread	org.apache.felix.fileinstall.plugins.resolver.impl.MyHashMap	org.apache.felix.fileinstall.plugins.resolver.impl.MyHashMap	org.apache.felix.fileinstall.plugins.resolver.impl.PluginResolveContextTest$2	org.apache.felix.fileinstall.plugins.resolver.impl.PluginResolveContextTest	sun.reflect.NativeMethodAccessorImpl	sun.reflect.NativeMethodAccessorImpl	sun.reflect.DelegatingMethodAccessorImpl	java.lang.reflect.Method	org.junit.runners.model.FrameworkMethod$1	org.junit.internal.runners.model.ReflectiveCallable	org.junit.runners.model.FrameworkMethod	org.junit.internal.runners.statements.InvokeMethod	org.junit.runners.ParentRunner	org.junit.runners.BlockJUnit4ClassRunner	org.junit.runners.BlockJUnit4ClassRunner	org.junit.runners.ParentRunner$3	org.junit.runners.ParentRunner$1	org.junit.runners.ParentRunner	org.junit.runners.ParentRunner	org.junit.runners.ParentRunner$2	org.junit.runners.ParentRunner	org.apache.maven.surefire.junit4.JUnit4Provider	org.apache.maven.surefire.junit4.JUnit4Provider	org.apache.maven.surefire.junit4.JUnit4Provider	org.apache.maven.surefire.junit4.JUnit4Provider	org.apache.maven.surefire.booter.ForkedBooter	org.apache.maven.surefire.booter.ForkedBooter	org.apache.maven.surefire.booter.ForkedBooter	
[CTEST][SET-PARAM] effective java.lang.Thread	org.apache.felix.fileinstall.plugins.resolver.impl.MyHashMap	org.apache.felix.fileinstall.plugins.resolver.impl.MyHashMap	org.apache.felix.fileinstall.plugins.resolver.impl.PluginResolveContextTest	org.apache.felix.fileinstall.plugins.resolver.impl.PluginResolveContextTest	sun.reflect.NativeMethodAccessorImpl	sun.reflect.NativeMethodAccessorImpl	sun.reflect.DelegatingMethodAccessorImpl	java.lang.reflect.Method	org.junit.runners.model.FrameworkMethod$1	org.junit.internal.runners.model.ReflectiveCallable	org.junit.runners.model.FrameworkMethod	org.junit.internal.runners.statements.InvokeMethod	org.junit.runners.ParentRunner	org.junit.runners.BlockJUnit4ClassRunner	org.junit.runners.BlockJUnit4ClassRunner	org.junit.runners.ParentRunner$3	org.junit.runners.ParentRunner$1	org.junit.runners.ParentRunner	org.junit.runners.ParentRunner	org.junit.runners.ParentRunner$2	org.junit.runners.ParentRunner	org.apache.maven.surefire.junit4.JUnit4Provider	org.apache.maven.surefire.junit4.JUnit4Provider	org.apache.maven.surefire.junit4.JUnit4Provider	org.apache.maven.surefire.junit4.JUnit4Provider	org.apache.maven.surefire.booter.ForkedBooter	org.apache.maven.surefire.booter.ForkedBooter	org.apache.maven.surefire.booter.ForkedBooter	
[CTEST][GET-PARAM] effective java.lang.Thread	org.apache.felix.fileinstall.plugins.resolver.impl.MyHashMap	org.apache.felix.fileinstall.plugins.resolver.impl.MyHashMap	java.util.Collections$UnmodifiableMap	org.apache.felix.fileinstall.plugins.resolver.impl.PluginResolveContext	org.apache.felix.fileinstall.plugins.resolver.impl.PluginResolveContext	org.apache.felix.fileinstall.plugins.resolver.impl.PluginResolveContextTest	sun.reflect.NativeMethodAccessorImpl	sun.reflect.NativeMethodAccessorImpl	sun.reflect.DelegatingMethodAccessorImpl	java.lang.reflect.Method	org.junit.runners.model.FrameworkMethod$1	org.junit.internal.runners.model.ReflectiveCallable	org.junit.runners.model.FrameworkMethod	org.junit.internal.runners.statements.InvokeMethod	org.junit.runners.ParentRunner	org.junit.runners.BlockJUnit4ClassRunner	org.junit.runners.BlockJUnit4ClassRunner	org.junit.runners.ParentRunner$3	org.junit.runners.ParentRunner$1	org.junit.runners.ParentRunner	org.junit.runners.ParentRunner	org.junit.runners.ParentRunner$2	org.junit.runners.ParentRunner	org.apache.maven.surefire.junit4.JUnit4Provider	org.apache.maven.surefire.junit4.JUnit4Provider	org.apache.maven.surefire.junit4.JUnit4Provider	org.apache.maven.surefire.junit4.JUnit4Provider	org.apache.maven.surefire.booter.ForkedBooter	org.apache.maven.surefire.booter.ForkedBooter	org.apache.maven.surefire.booter.ForkedBooter	
[CTEST][GET-PARAM] effective java.lang.Thread	org.apache.felix.fileinstall.plugins.resolver.impl.MyHashMap	org.apache.felix.fileinstall.plugins.resolver.impl.MyHashMap	java.util.Collections$UnmodifiableMap	org.apache.felix.fileinstall.plugins.resolver.impl.PluginResolveContext	org.apache.felix.fileinstall.plugins.resolver.impl.PluginResolveContext	org.apache.felix.fileinstall.plugins.resolver.impl.PluginResolveContextTest	sun.reflect.NativeMethodAccessorImpl	sun.reflect.NativeMethodAccessorImpl	sun.reflect.DelegatingMethodAccessorImpl	java.lang.reflect.Method	org.junit.runners.model.FrameworkMethod$1	org.junit.internal.runners.model.ReflectiveCallable	org.junit.runners.model.FrameworkMethod	org.junit.internal.runners.statements.InvokeMethod	org.junit.runners.ParentRunner	org.junit.runners.BlockJUnit4ClassRunner	org.junit.runners.BlockJUnit4ClassRunner	org.junit.runners.ParentRunner$3	org.junit.runners.ParentRunner$1	org.junit.runners.ParentRunner	org.junit.runners.ParentRunner	org.junit.runners.ParentRunner$2	org.junit.runners.ParentRunner	org.apache.maven.surefire.junit4.JUnit4Provider	org.apache.maven.surefire.junit4.JUnit4Provider	org.apache.maven.surefire.junit4.JUnit4Provider	org.apache.maven.surefire.junit4.JUnit4Provider	org.apache.maven.surefire.booter.ForkedBooter	org.apache.maven.surefire.booter.ForkedBooter	org.apache.maven.surefire.booter.ForkedBooter	
[CTEST][GET-PARAM] filter java.lang.Thread	org.apache.felix.fileinstall.plugins.resolver.impl.MyHashMap	org.apache.felix.fileinstall.plugins.resolver.impl.MyHashMap	java.util.Collections$UnmodifiableMap	org.apache.felix.fileinstall.plugins.resolver.impl.PluginResolveContext	org.apache.felix.fileinstall.plugins.resolver.impl.PluginResolveContext	org.apache.felix.fileinstall.plugins.resolver.impl.PluginResolveContextTest	sun.reflect.NativeMethodAccessorImpl	sun.reflect.NativeMethodAccessorImpl	sun.reflect.DelegatingMethodAccessorImpl	java.lang.reflect.Method	org.junit.runners.model.FrameworkMethod$1	org.junit.internal.runners.model.ReflectiveCallable	org.junit.runners.model.FrameworkMethod	org.junit.internal.runners.statements.InvokeMethod	org.junit.runners.ParentRunner	org.junit.runners.BlockJUnit4ClassRunner	org.junit.runners.BlockJUnit4ClassRunner	org.junit.runners.ParentRunner$3	org.junit.runners.ParentRunner$1	org.junit.runners.ParentRunner	org.junit.runners.ParentRunner	org.junit.runners.ParentRunner$2	org.junit.runners.ParentRunner	org.apache.maven.surefire.junit4.JUnit4Provider	org.apache.maven.surefire.junit4.JUnit4Provider	org.apache.maven.surefire.junit4.JUnit4Provider	org.apache.maven.surefire.junit4.JUnit4Provider	org.apache.maven.surefire.booter.ForkedBooter	org.apache.maven.surefire.booter.ForkedBooter	org.apache.maven.surefire.booter.ForkedBooter	
[CTEST][GET-PARAM] foo java.lang.Thread	org.apache.felix.fileinstall.plugins.resolver.impl.MyHashMap	org.apache.felix.fileinstall.plugins.resolver.impl.MyHashMap	java.util.Collections$UnmodifiableMap	org.osgi.framework.FrameworkUtil$FilterImpl	org.apache.felix.fileinstall.plugins.resolver.impl.PluginResolveContext	org.apache.felix.fileinstall.plugins.resolver.impl.PluginResolveContext	org.apache.felix.fileinstall.plugins.resolver.impl.PluginResolveContextTest	sun.reflect.NativeMethodAccessorImpl	sun.reflect.NativeMethodAccessorImpl	sun.reflect.DelegatingMethodAccessorImpl	java.lang.reflect.Method	org.junit.runners.model.FrameworkMethod$1	org.junit.internal.runners.model.ReflectiveCallable	org.junit.runners.model.FrameworkMethod	org.junit.internal.runners.statements.InvokeMethod	org.junit.runners.ParentRunner	org.junit.runners.BlockJUnit4ClassRunner	org.junit.runners.BlockJUnit4ClassRunner	org.junit.runners.ParentRunner$3	org.junit.runners.ParentRunner$1	org.junit.runners.ParentRunner	org.junit.runners.ParentRunner	org.junit.runners.ParentRunner$2	org.junit.runners.ParentRunner	org.apache.maven.surefire.junit4.JUnit4Provider	org.apache.maven.surefire.junit4.JUnit4Provider	org.apache.maven.surefire.junit4.JUnit4Provider	org.apache.maven.surefire.junit4.JUnit4Provider	org.apache.maven.surefire.booter.ForkedBooter	org.apache.maven.surefire.booter.ForkedBooter	org.apache.maven.surefire.booter.ForkedBooter	
[CTEST][SET-PARAM] filter java.lang.Thread	org.apache.felix.fileinstall.plugins.resolver.impl.MyHashMap	org.apache.felix.fileinstall.plugins.resolver.impl.MyHashMap	org.apache.felix.fileinstall.plugins.resolver.impl.PluginResolveContextTest	org.apache.felix.fileinstall.plugins.resolver.impl.PluginResolveContextTest	sun.reflect.NativeMethodAccessorImpl	sun.reflect.NativeMethodAccessorImpl	sun.reflect.DelegatingMethodAccessorImpl	java.lang.reflect.Method	org.junit.runners.model.FrameworkMethod$1	org.junit.internal.runners.model.ReflectiveCallable	org.junit.runners.model.FrameworkMethod	org.junit.internal.runners.statements.InvokeMethod	org.junit.runners.ParentRunner	org.junit.runners.BlockJUnit4ClassRunner	org.junit.runners.BlockJUnit4ClassRunner	org.junit.runners.ParentRunner$3	org.junit.runners.ParentRunner$1	org.junit.runners.ParentRunner	org.junit.runners.ParentRunner	org.junit.runners.ParentRunner$2	org.junit.runners.ParentRunner	org.apache.maven.surefire.junit4.JUnit4Provider	org.apache.maven.surefire.junit4.JUnit4Provider	org.apache.maven.surefire.junit4.JUnit4Provider	org.apache.maven.surefire.junit4.JUnit4Provider	org.apache.maven.surefire.booter.ForkedBooter	org.apache.maven.surefire.booter.ForkedBooter	org.apache.maven.surefire.booter.ForkedBooter	
[CTEST][SET-PARAM] effective java.lang.Thread	org.apache.felix.fileinstall.plugins.resolver.impl.MyHashMap	org.apache.felix.fileinstall.plugins.resolver.impl.MyHashMap	org.apache.felix.fileinstall.plugins.resolver.impl.PluginResolveContextTest	org.apache.felix.fileinstall.plugins.resolver.impl.PluginResolveContextTest	sun.reflect.NativeMethodAccessorImpl	sun.reflect.NativeMethodAccessorImpl	sun.reflect.DelegatingMethodAccessorImpl	java.lang.reflect.Method	org.junit.runners.model.FrameworkMethod$1	org.junit.internal.runners.model.ReflectiveCallable	org.junit.runners.model.FrameworkMethod	org.junit.internal.runners.statements.InvokeMethod	org.junit.runners.ParentRunner	org.junit.runners.BlockJUnit4ClassRunner	org.junit.runners.BlockJUnit4ClassRunner	org.junit.runners.ParentRunner$3	org.junit.runners.ParentRunner$1	org.junit.runners.ParentRunner	org.junit.runners.ParentRunner	org.junit.runners.ParentRunner$2	org.junit.runners.ParentRunner	org.apache.maven.surefire.junit4.JUnit4Provider	org.apache.maven.surefire.junit4.JUnit4Provider	org.apache.maven.surefire.junit4.JUnit4Provider	org.apache.maven.surefire.junit4.JUnit4Provider	org.apache.maven.surefire.booter.ForkedBooter	org.apache.maven.surefire.booter.ForkedBooter	org.apache.maven.surefire.booter.ForkedBooter	
[CTEST][SET-PARAM] foo java.lang.Thread	org.apache.felix.fileinstall.plugins.resolver.impl.MyHashMap	org.apache.felix.fileinstall.plugins.resolver.impl.MyHashMap	org.apache.felix.fileinstall.plugins.resolver.impl.PluginResolveContextTest$3	org.apache.felix.fileinstall.plugins.resolver.impl.PluginResolveContextTest	sun.reflect.NativeMethodAccessorImpl	sun.reflect.NativeMethodAccessorImpl	sun.reflect.DelegatingMethodAccessorImpl	java.lang.reflect.Method	org.junit.runners.model.FrameworkMethod$1	org.junit.internal.runners.model.ReflectiveCallable	org.junit.runners.model.FrameworkMethod	org.junit.internal.runners.statements.InvokeMethod	org.junit.runners.ParentRunner	org.junit.runners.BlockJUnit4ClassRunner	org.junit.runners.BlockJUnit4ClassRunner	org.junit.runners.ParentRunner$3	org.junit.runners.ParentRunner$1	org.junit.runners.ParentRunner	org.junit.runners.ParentRunner	org.junit.runners.ParentRunner$2	org.junit.runners.ParentRunner	org.apache.maven.surefire.junit4.JUnit4Provider	org.apache.maven.surefire.junit4.JUnit4Provider	org.apache.maven.surefire.junit4.JUnit4Provider	org.apache.maven.surefire.junit4.JUnit4Provider	org.apache.maven.surefire.booter.ForkedBooter	org.apache.maven.surefire.booter.ForkedBooter	org.apache.maven.surefire.booter.ForkedBooter	
[CTEST][GET-PARAM] effective java.lang.Thread	org.apache.felix.fileinstall.plugins.resolver.impl.MyHashMap	org.apache.felix.fileinstall.plugins.resolver.impl.MyHashMap	java.util.Collections$UnmodifiableMap	org.apache.felix.fileinstall.plugins.resolver.impl.PluginResolveContext	org.apache.felix.fileinstall.plugins.resolver.impl.PluginResolveContext	org.apache.felix.fileinstall.plugins.resolver.impl.PluginResolveContextTest	sun.reflect.NativeMethodAccessorImpl	sun.reflect.NativeMethodAccessorImpl	sun.reflect.DelegatingMethodAccessorImpl	java.lang.reflect.Method	org.junit.runners.model.FrameworkMethod$1	org.junit.internal.runners.model.ReflectiveCallable	org.junit.runners.model.FrameworkMethod	org.junit.internal.runners.statements.InvokeMethod	org.junit.runners.ParentRunner	org.junit.runners.BlockJUnit4ClassRunner	org.junit.runners.BlockJUnit4ClassRunner	org.junit.runners.ParentRunner$3	org.junit.runners.ParentRunner$1	org.junit.runners.ParentRunner	org.junit.runners.ParentRunner	org.junit.runners.ParentRunner$2	org.junit.runners.ParentRunner	org.apache.maven.surefire.junit4.JUnit4Provider	org.apache.maven.surefire.junit4.JUnit4Provider	org.apache.maven.surefire.junit4.JUnit4Provider	org.apache.maven.surefire.junit4.JUnit4Provider	org.apache.maven.surefire.booter.ForkedBooter	org.apache.maven.surefire.booter.ForkedBooter	org.apache.maven.surefire.booter.ForkedBooter	
[CTEST][GET-PARAM] filter java.lang.Thread	org.apache.felix.fileinstall.plugins.resolver.impl.MyHashMap	org.apache.felix.fileinstall.plugins.resolver.impl.MyHashMap	java.util.Collections$UnmodifiableMap	org.apache.felix.fileinstall.plugins.resolver.impl.PluginResolveContext	org.apache.felix.fileinstall.plugins.resolver.impl.PluginResolveContext	org.apache.felix.fileinstall.plugins.resolver.impl.PluginResolveContextTest	sun.reflect.NativeMethodAccessorImpl	sun.reflect.NativeMethodAccessorImpl	sun.reflect.DelegatingMethodAccessorImpl	java.lang.reflect.Method	org.junit.runners.model.FrameworkMethod$1	org.junit.internal.runners.model.ReflectiveCallable	org.junit.runners.model.FrameworkMethod	org.junit.internal.runners.statements.InvokeMethod	org.junit.runners.ParentRunner	org.junit.runners.BlockJUnit4ClassRunner	org.junit.runners.BlockJUnit4ClassRunner	org.junit.runners.ParentRunner$3	org.junit.runners.ParentRunner$1	org.junit.runners.ParentRunner	org.junit.runners.ParentRunner	org.junit.runners.ParentRunner$2	org.junit.runners.ParentRunner	org.apache.maven.surefire.junit4.JUnit4Provider	org.apache.maven.surefire.junit4.JUnit4Provider	org.apache.maven.surefire.junit4.JUnit4Provider	org.apache.maven.surefire.junit4.JUnit4Provider	org.apache.maven.surefire.booter.ForkedBooter	org.apache.maven.surefire.booter.ForkedBooter	org.apache.maven.surefire.booter.ForkedBooter	
[CTEST][GET-PARAM] foo java.lang.Thread	org.apache.felix.fileinstall.plugins.resolver.impl.MyHashMap	org.apache.felix.fileinstall.plugins.resolver.impl.MyHashMap	java.util.Collections$UnmodifiableMap	org.osgi.framework.FrameworkUtil$FilterImpl	org.apache.felix.fileinstall.plugins.resolver.impl.PluginResolveContext	org.apache.felix.fileinstall.plugins.resolver.impl.PluginResolveContext	org.apache.felix.fileinstall.plugins.resolver.impl.PluginResolveContextTest	sun.reflect.NativeMethodAccessorImpl	sun.reflect.NativeMethodAccessorImpl	sun.reflect.DelegatingMethodAccessorImpl	java.lang.reflect.Method	org.junit.runners.model.FrameworkMethod$1	org.junit.internal.runners.model.ReflectiveCallable	org.junit.runners.model.FrameworkMethod	org.junit.internal.runners.statements.InvokeMethod	org.junit.runners.ParentRunner	org.junit.runners.BlockJUnit4ClassRunner	org.junit.runners.BlockJUnit4ClassRunner	org.junit.runners.ParentRunner$3	org.junit.runners.ParentRunner$1	org.junit.runners.ParentRunner	org.junit.runners.ParentRunner	org.junit.runners.ParentRunner$2	org.junit.runners.ParentRunner	org.apache.maven.surefire.junit4.JUnit4Provider	org.apache.maven.surefire.junit4.JUnit4Provider	org.apache.maven.surefire.junit4.JUnit4Provider	org.apache.maven.surefire.junit4.JUnit4Provider	org.apache.maven.surefire.booter.ForkedBooter	org.apache.maven.surefire.booter.ForkedBooter	org.apache.maven.surefire.booter.ForkedBooter	
[CTEST][SET-PARAM] filter java.lang.Thread	org.apache.felix.fileinstall.plugins.resolver.impl.MyHashMap	org.apache.felix.fileinstall.plugins.resolver.impl.MyHashMap	org.apache.felix.fileinstall.plugins.resolver.impl.PluginResolveContextTest	org.apache.felix.fileinstall.plugins.resolver.impl.PluginResolveContextTest	sun.reflect.NativeMethodAccessorImpl	sun.reflect.NativeMethodAccessorImpl	sun.reflect.DelegatingMethodAccessorImpl	java.lang.reflect.Method	org.junit.runners.model.FrameworkMethod$1	org.junit.internal.runners.model.ReflectiveCallable	org.junit.runners.model.FrameworkMethod	org.junit.internal.runners.statements.InvokeMethod	org.junit.runners.ParentRunner	org.junit.runners.BlockJUnit4ClassRunner	org.junit.runners.BlockJUnit4ClassRunner	org.junit.runners.ParentRunner$3	org.junit.runners.ParentRunner$1	org.junit.runners.ParentRunner	org.junit.runners.ParentRunner	org.junit.runners.ParentRunner$2	org.junit.runners.ParentRunner	org.apache.maven.surefire.junit4.JUnit4Provider	org.apache.maven.surefire.junit4.JUnit4Provider	org.apache.maven.surefire.junit4.JUnit4Provider	org.apache.maven.surefire.junit4.JUnit4Provider	org.apache.maven.surefire.booter.ForkedBooter	org.apache.maven.surefire.booter.ForkedBooter	org.apache.maven.surefire.booter.ForkedBooter	
[CTEST][SET-PARAM] effective java.lang.Thread	org.apache.felix.fileinstall.plugins.resolver.impl.MyHashMap	org.apache.felix.fileinstall.plugins.resolver.impl.MyHashMap	org.apache.felix.fileinstall.plugins.resolver.impl.PluginResolveContextTest	org.apache.felix.fileinstall.plugins.resolver.impl.PluginResolveContextTest	sun.reflect.NativeMethodAccessorImpl	sun.reflect.NativeMethodAccessorImpl	sun.reflect.DelegatingMethodAccessorImpl	java.lang.reflect.Method	org.junit.runners.model.FrameworkMethod$1	org.junit.internal.runners.model.ReflectiveCallable	org.junit.runners.model.FrameworkMethod	org.junit.internal.runners.statements.InvokeMethod	org.junit.runners.ParentRunner	org.junit.runners.BlockJUnit4ClassRunner	org.junit.runners.BlockJUnit4ClassRunner	org.junit.runners.ParentRunner$3	org.junit.runners.ParentRunner$1	org.junit.runners.ParentRunner	org.junit.runners.ParentRunner	org.junit.runners.ParentRunner$2	org.junit.runners.ParentRunner	org.apache.maven.surefire.junit4.JUnit4Provider	org.apache.maven.surefire.junit4.JUnit4Provider	org.apache.maven.surefire.junit4.JUnit4Provider	org.apache.maven.surefire.junit4.JUnit4Provider	org.apache.maven.surefire.booter.ForkedBooter	org.apache.maven.surefire.booter.ForkedBooter	org.apache.maven.surefire.booter.ForkedBooter	
[CTEST][SET-PARAM] effective java.lang.Thread	org.apache.felix.fileinstall.plugins.resolver.impl.MyHashMap	org.apache.felix.fileinstall.plugins.resolver.impl.MyHashMap	org.apache.felix.fileinstall.plugins.resolver.impl.PluginResolveContextTest	org.apache.felix.fileinstall.plugins.resolver.impl.PluginResolveContextTest	sun.reflect.NativeMethodAccessorImpl	sun.reflect.NativeMethodAccessorImpl	sun.reflect.DelegatingMethodAccessorImpl	java.lang.reflect.Method	org.junit.runners.model.FrameworkMethod$1	org.junit.internal.runners.model.ReflectiveCallable	org.junit.runners.model.FrameworkMethod	org.junit.internal.runners.statements.InvokeMethod	org.junit.runners.ParentRunner	org.junit.runners.BlockJUnit4ClassRunner	org.junit.runners.BlockJUnit4ClassRunner	org.junit.runners.ParentRunner$3	org.junit.runners.ParentRunner$1	org.junit.runners.ParentRunner	org.junit.runners.ParentRunner	org.junit.runners.ParentRunner$2	org.junit.runners.ParentRunner	org.apache.maven.surefire.junit4.JUnit4Provider	org.apache.maven.surefire.junit4.JUnit4Provider	org.apache.maven.surefire.junit4.JUnit4Provider	org.apache.maven.surefire.junit4.JUnit4Provider	org.apache.maven.surefire.booter.ForkedBooter	org.apache.maven.surefire.booter.ForkedBooter	org.apache.maven.surefire.booter.ForkedBooter	
[CTEST][GET-PARAM] effective java.lang.Thread	org.apache.felix.fileinstall.plugins.resolver.impl.MyHashMap	org.apache.felix.fileinstall.plugins.resolver.impl.MyHashMap	java.util.Collections$UnmodifiableMap	org.apache.felix.fileinstall.plugins.resolver.impl.PluginResolveContext	org.apache.felix.fileinstall.plugins.resolver.impl.PluginResolveContext	org.apache.felix.fileinstall.plugins.resolver.impl.PluginResolveContextTest	sun.reflect.NativeMethodAccessorImpl	sun.reflect.NativeMethodAccessorImpl	sun.reflect.DelegatingMethodAccessorImpl	java.lang.reflect.Method	org.junit.runners.model.FrameworkMethod$1	org.junit.internal.runners.model.ReflectiveCallable	org.junit.runners.model.FrameworkMethod	org.junit.internal.runners.statements.InvokeMethod	org.junit.runners.ParentRunner	org.junit.runners.BlockJUnit4ClassRunner	org.junit.runners.BlockJUnit4ClassRunner	org.junit.runners.ParentRunner$3	org.junit.runners.ParentRunner$1	org.junit.runners.ParentRunner	org.junit.runners.ParentRunner	org.junit.runners.ParentRunner$2	org.junit.runners.ParentRunner	org.apache.maven.surefire.junit4.JUnit4Provider	org.apache.maven.surefire.junit4.JUnit4Provider	org.apache.maven.surefire.junit4.JUnit4Provider	org.apache.maven.surefire.junit4.JUnit4Provider	org.apache.maven.surefire.booter.ForkedBooter	org.apache.maven.surefire.booter.ForkedBooter	org.apache.maven.surefire.booter.ForkedBooter	
[CTEST][GET-PARAM] effective java.lang.Thread	org.apache.felix.fileinstall.plugins.resolver.impl.MyHashMap	org.apache.felix.fileinstall.plugins.resolver.impl.MyHashMap	java.util.Collections$UnmodifiableMap	org.apache.felix.fileinstall.plugins.resolver.impl.PluginResolveContext	org.apache.felix.fileinstall.plugins.resolver.impl.PluginResolveContext	org.apache.felix.fileinstall.plugins.resolver.impl.PluginResolveContextTest	sun.reflect.NativeMethodAccessorImpl	sun.reflect.NativeMethodAccessorImpl	sun.reflect.DelegatingMethodAccessorImpl	java.lang.reflect.Method	org.junit.runners.model.FrameworkMethod$1	org.junit.internal.runners.model.ReflectiveCallable	org.junit.runners.model.FrameworkMethod	org.junit.internal.runners.statements.InvokeMethod	org.junit.runners.ParentRunner	org.junit.runners.BlockJUnit4ClassRunner	org.junit.runners.BlockJUnit4ClassRunner	org.junit.runners.ParentRunner$3	org.junit.runners.ParentRunner$1	org.junit.runners.ParentRunner	org.junit.runners.ParentRunner	org.junit.runners.ParentRunner$2	org.junit.runners.ParentRunner	org.apache.maven.surefire.junit4.JUnit4Provider	org.apache.maven.surefire.junit4.JUnit4Provider	org.apache.maven.surefire.junit4.JUnit4Provider	org.apache.maven.surefire.junit4.JUnit4Provider	org.apache.maven.surefire.booter.ForkedBooter	org.apache.maven.surefire.booter.ForkedBooter	org.apache.maven.surefire.booter.ForkedBooter	
[CTEST][GET-PARAM] filter java.lang.Thread	org.apache.felix.fileinstall.plugins.resolver.impl.MyHashMap	org.apache.felix.fileinstall.plugins.resolver.impl.MyHashMap	java.util.Collections$UnmodifiableMap	org.apache.felix.fileinstall.plugins.resolver.impl.PluginResolveContext	org.apache.felix.fileinstall.plugins.resolver.impl.PluginResolveContext	org.apache.felix.fileinstall.plugins.resolver.impl.PluginResolveContextTest	sun.reflect.NativeMethodAccessorImpl	sun.reflect.NativeMethodAccessorImpl	sun.reflect.DelegatingMethodAccessorImpl	java.lang.reflect.Method	org.junit.runners.model.FrameworkMethod$1	org.junit.internal.runners.model.ReflectiveCallable	org.junit.runners.model.FrameworkMethod	org.junit.internal.runners.statements.InvokeMethod	org.junit.runners.ParentRunner	org.junit.runners.BlockJUnit4ClassRunner	org.junit.runners.BlockJUnit4ClassRunner	org.junit.runners.ParentRunner$3	org.junit.runners.ParentRunner$1	org.junit.runners.ParentRunner	org.junit.runners.ParentRunner	org.junit.runners.ParentRunner$2	org.junit.runners.ParentRunner	org.apache.maven.surefire.junit4.JUnit4Provider	org.apache.maven.surefire.junit4.JUnit4Provider	org.apache.maven.surefire.junit4.JUnit4Provider	org.apache.maven.surefire.junit4.JUnit4Provider	org.apache.maven.surefire.booter.ForkedBooter	org.apache.maven.surefire.booter.ForkedBooter	org.apache.maven.surefire.booter.ForkedBooter	
[CTEST][GET-PARAM] foo java.lang.Thread	org.apache.felix.fileinstall.plugins.resolver.impl.MyHashMap	org.apache.felix.fileinstall.plugins.resolver.impl.MyHashMap	java.util.Collections$UnmodifiableMap	org.osgi.framework.FrameworkUtil$FilterImpl	org.apache.felix.fileinstall.plugins.resolver.impl.PluginResolveContext	org.apache.felix.fileinstall.plugins.resolver.impl.PluginResolveContext	org.apache.felix.fileinstall.plugins.resolver.impl.PluginResolveContextTest	sun.reflect.NativeMethodAccessorImpl	sun.reflect.NativeMethodAccessorImpl	sun.reflect.DelegatingMethodAccessorImpl	java.lang.reflect.Method	org.junit.runners.model.FrameworkMethod$1	org.junit.internal.runners.model.ReflectiveCallable	org.junit.runners.model.FrameworkMethod	org.junit.internal.runners.statements.InvokeMethod	org.junit.runners.ParentRunner	org.junit.runners.BlockJUnit4ClassRunner	org.junit.runners.BlockJUnit4ClassRunner	org.junit.runners.ParentRunner$3	org.junit.runners.ParentRunner$1	org.junit.runners.ParentRunner	org.junit.runners.ParentRunner	org.junit.runners.ParentRunner$2	org.junit.runners.ParentRunner	org.apache.maven.surefire.junit4.JUnit4Provider	org.apache.maven.surefire.junit4.JUnit4Provider	org.apache.maven.surefire.junit4.JUnit4Provider	org.apache.maven.surefire.junit4.JUnit4Provider	org.apache.maven.surefire.booter.ForkedBooter	org.apache.maven.surefire.booter.ForkedBooter	org.apache.maven.surefire.booter.ForkedBooter	
[CTEST][SET-PARAM] filter java.lang.Thread	org.apache.felix.fileinstall.plugins.resolver.impl.MyHashMap	org.apache.felix.fileinstall.plugins.resolver.impl.MyHashMap	org.apache.felix.fileinstall.plugins.resolver.impl.PluginResolveContextTest	org.apache.felix.fileinstall.plugins.resolver.impl.PluginResolveContextTest	sun.reflect.NativeMethodAccessorImpl	sun.reflect.NativeMethodAccessorImpl	sun.reflect.DelegatingMethodAccessorImpl	java.lang.reflect.Method	org.junit.runners.model.FrameworkMethod$1	org.junit.internal.runners.model.ReflectiveCallable	org.junit.runners.model.FrameworkMethod	org.junit.internal.runners.statements.InvokeMethod	org.junit.runners.ParentRunner	org.junit.runners.BlockJUnit4ClassRunner	org.junit.runners.BlockJUnit4ClassRunner	org.junit.runners.ParentRunner$3	org.junit.runners.ParentRunner$1	org.junit.runners.ParentRunner	org.junit.runners.ParentRunner	org.junit.runners.ParentRunner$2	org.junit.runners.ParentRunner	org.apache.maven.surefire.junit4.JUnit4Provider	org.apache.maven.surefire.junit4.JUnit4Provider	org.apache.maven.surefire.junit4.JUnit4Provider	org.apache.maven.surefire.junit4.JUnit4Provider	org.apache.maven.surefire.booter.ForkedBooter	org.apache.maven.surefire.booter.ForkedBooter	org.apache.maven.surefire.booter.ForkedBooter	
[CTEST][SET-PARAM] effective java.lang.Thread	org.apache.felix.fileinstall.plugins.resolver.impl.MyHashMap	org.apache.felix.fileinstall.plugins.resolver.impl.MyHashMap	org.apache.felix.fileinstall.plugins.resolver.impl.PluginResolveContextTest	org.apache.felix.fileinstall.plugins.resolver.impl.PluginResolveContextTest	sun.reflect.NativeMethodAccessorImpl	sun.reflect.NativeMethodAccessorImpl	sun.reflect.DelegatingMethodAccessorImpl	java.lang.reflect.Method	org.junit.runners.model.FrameworkMethod$1	org.junit.internal.runners.model.ReflectiveCallable	org.junit.runners.model.FrameworkMethod	org.junit.internal.runners.statements.InvokeMethod	org.junit.runners.ParentRunner	org.junit.runners.BlockJUnit4ClassRunner	org.junit.runners.BlockJUnit4ClassRunner	org.junit.runners.ParentRunner$3	org.junit.runners.ParentRunner$1	org.junit.runners.ParentRunner	org.junit.runners.ParentRunner	org.junit.runners.ParentRunner$2	org.junit.runners.ParentRunner	org.apache.maven.surefire.junit4.JUnit4Provider	org.apache.maven.surefire.junit4.JUnit4Provider	org.apache.maven.surefire.junit4.JUnit4Provider	org.apache.maven.surefire.junit4.JUnit4Provider	org.apache.maven.surefire.booter.ForkedBooter	org.apache.maven.surefire.booter.ForkedBooter	org.apache.maven.surefire.booter.ForkedBooter	
[CTEST][SET-PARAM] foo java.lang.Thread	org.apache.felix.fileinstall.plugins.resolver.impl.MyHashMap	org.apache.felix.fileinstall.plugins.resolver.impl.MyHashMap	org.apache.felix.fileinstall.plugins.resolver.impl.PluginResolveContextTest$5	org.apache.felix.fileinstall.plugins.resolver.impl.PluginResolveContextTest	sun.reflect.NativeMethodAccessorImpl	sun.reflect.NativeMethodAccessorImpl	sun.reflect.DelegatingMethodAccessorImpl	java.lang.reflect.Method	org.junit.runners.model.FrameworkMethod$1	org.junit.internal.runners.model.ReflectiveCallable	org.junit.runners.model.FrameworkMethod	org.junit.internal.runners.statements.InvokeMethod	org.junit.runners.ParentRunner	org.junit.runners.BlockJUnit4ClassRunner	org.junit.runners.BlockJUnit4ClassRunner	org.junit.runners.ParentRunner$3	org.junit.runners.ParentRunner$1	org.junit.runners.ParentRunner	org.junit.runners.ParentRunner	org.junit.runners.ParentRunner$2	org.junit.runners.ParentRunner	org.apache.maven.surefire.junit4.JUnit4Provider	org.apache.maven.surefire.junit4.JUnit4Provider	org.apache.maven.surefire.junit4.JUnit4Provider	org.apache.maven.surefire.junit4.JUnit4Provider	org.apache.maven.surefire.booter.ForkedBooter	org.apache.maven.surefire.booter.ForkedBooter	org.apache.maven.surefire.booter.ForkedBooter	
[CTEST][GET-PARAM] effective java.lang.Thread	org.apache.felix.fileinstall.plugins.resolver.impl.MyHashMap	org.apache.felix.fileinstall.plugins.resolver.impl.MyHashMap	java.util.Collections$UnmodifiableMap	org.apache.felix.fileinstall.plugins.resolver.impl.PluginResolveContext	org.apache.felix.fileinstall.plugins.resolver.impl.PluginResolveContext	org.apache.felix.fileinstall.plugins.resolver.impl.PluginResolveContextTest	sun.reflect.NativeMethodAccessorImpl	sun.reflect.NativeMethodAccessorImpl	sun.reflect.DelegatingMethodAccessorImpl	java.lang.reflect.Method	org.junit.runners.model.FrameworkMethod$1	org.junit.internal.runners.model.ReflectiveCallable	org.junit.runners.model.FrameworkMethod	org.junit.internal.runners.statements.InvokeMethod	org.junit.runners.ParentRunner	org.junit.runners.BlockJUnit4ClassRunner	org.junit.runners.BlockJUnit4ClassRunner	org.junit.runners.ParentRunner$3	org.junit.runners.ParentRunner$1	org.junit.runners.ParentRunner	org.junit.runners.ParentRunner	org.junit.runners.ParentRunner$2	org.junit.runners.ParentRunner	org.apache.maven.surefire.junit4.JUnit4Provider	org.apache.maven.surefire.junit4.JUnit4Provider	org.apache.maven.surefire.junit4.JUnit4Provider	org.apache.maven.surefire.junit4.JUnit4Provider	org.apache.maven.surefire.booter.ForkedBooter	org.apache.maven.surefire.booter.ForkedBooter	org.apache.maven.surefire.booter.ForkedBooter	
[CTEST][GET-PARAM] filter java.lang.Thread	org.apache.felix.fileinstall.plugins.resolver.impl.MyHashMap	org.apache.felix.fileinstall.plugins.resolver.impl.MyHashMap	java.util.Collections$UnmodifiableMap	org.apache.felix.fileinstall.plugins.resolver.impl.PluginResolveContext	org.apache.felix.fileinstall.plugins.resolver.impl.PluginResolveContext	org.apache.felix.fileinstall.plugins.resolver.impl.PluginResolveContextTest	sun.reflect.NativeMethodAccessorImpl	sun.reflect.NativeMethodAccessorImpl	sun.reflect.DelegatingMethodAccessorImpl	java.lang.reflect.Method	org.junit.runners.model.FrameworkMethod$1	org.junit.internal.runners.model.ReflectiveCallable	org.junit.runners.model.FrameworkMethod	org.junit.internal.runners.statements.InvokeMethod	org.junit.runners.ParentRunner	org.junit.runners.BlockJUnit4ClassRunner	org.junit.runners.BlockJUnit4ClassRunner	org.junit.runners.ParentRunner$3	org.junit.runners.ParentRunner$1	org.junit.runners.ParentRunner	org.junit.runners.ParentRunner	org.junit.runners.ParentRunner$2	org.junit.runners.ParentRunner	org.apache.maven.surefire.junit4.JUnit4Provider	org.apache.maven.surefire.junit4.JUnit4Provider	org.apache.maven.surefire.junit4.JUnit4Provider	org.apache.maven.surefire.junit4.JUnit4Provider	org.apache.maven.surefire.booter.ForkedBooter	org.apache.maven.surefire.booter.ForkedBooter	org.apache.maven.surefire.booter.ForkedBooter	
[CTEST][GET-PARAM] foo java.lang.Thread	org.apache.felix.fileinstall.plugins.resolver.impl.MyHashMap	org.apache.felix.fileinstall.plugins.resolver.impl.MyHashMap	java.util.Collections$UnmodifiableMap	org.osgi.framework.FrameworkUtil$FilterImpl	org.apache.felix.fileinstall.plugins.resolver.impl.PluginResolveContext	org.apache.felix.fileinstall.plugins.resolver.impl.PluginResolveContext	org.apache.felix.fileinstall.plugins.resolver.impl.PluginResolveContextTest	sun.reflect.NativeMethodAccessorImpl	sun.reflect.NativeMethodAccessorImpl	sun.reflect.DelegatingMethodAccessorImpl	java.lang.reflect.Method	org.junit.runners.model.FrameworkMethod$1	org.junit.internal.runners.model.ReflectiveCallable	org.junit.runners.model.FrameworkMethod	org.junit.internal.runners.statements.InvokeMethod	org.junit.runners.ParentRunner	org.junit.runners.BlockJUnit4ClassRunner	org.junit.runners.BlockJUnit4ClassRunner	org.junit.runners.ParentRunner$3	org.junit.runners.ParentRunner$1	org.junit.runners.ParentRunner	org.junit.runners.ParentRunner	org.junit.runners.ParentRunner$2	org.junit.runners.ParentRunner	org.apache.maven.surefire.junit4.JUnit4Provider	org.apache.maven.surefire.junit4.JUnit4Provider	org.apache.maven.surefire.junit4.JUnit4Provider	org.apache.maven.surefire.junit4.JUnit4Provider	org.apache.maven.surefire.booter.ForkedBooter	org.apache.maven.surefire.booter.ForkedBooter	org.apache.maven.surefire.booter.ForkedBooter	
[CTEST][SET-PARAM] filter java.lang.Thread	org.apache.felix.fileinstall.plugins.resolver.impl.MyHashMap	org.apache.felix.fileinstall.plugins.resolver.impl.MyHashMap	org.apache.felix.fileinstall.plugins.resolver.impl.PluginResolveContextTest	org.apache.felix.fileinstall.plugins.resolver.impl.PluginResolveContextTest	sun.reflect.NativeMethodAccessorImpl	sun.reflect.NativeMethodAccessorImpl	sun.reflect.DelegatingMethodAccessorImpl	java.lang.reflect.Method	org.junit.runners.model.FrameworkMethod$1	org.junit.internal.runners.model.ReflectiveCallable	org.junit.runners.model.FrameworkMethod	org.junit.internal.runners.statements.InvokeMethod	org.junit.runners.ParentRunner	org.junit.runners.BlockJUnit4ClassRunner	org.junit.runners.BlockJUnit4ClassRunner	org.junit.runners.ParentRunner$3	org.junit.runners.ParentRunner$1	org.junit.runners.ParentRunner	org.junit.runners.ParentRunner	org.junit.runners.ParentRunner$2	org.junit.runners.ParentRunner	org.apache.maven.surefire.junit4.JUnit4Provider	org.apache.maven.surefire.junit4.JUnit4Provider	org.apache.maven.surefire.junit4.JUnit4Provider	org.apache.maven.surefire.junit4.JUnit4Provider	org.apache.maven.surefire.booter.ForkedBooter	org.apache.maven.surefire.booter.ForkedBooter	org.apache.maven.surefire.booter.ForkedBooter	
[CTEST][SET-PARAM] effective java.lang.Thread	org.apache.felix.fileinstall.plugins.resolver.impl.MyHashMap	org.apache.felix.fileinstall.plugins.resolver.impl.MyHashMap	org.apache.felix.fileinstall.plugins.resolver.impl.PluginResolveContextTest	org.apache.felix.fileinstall.plugins.resolver.impl.PluginResolveContextTest	sun.reflect.NativeMethodAccessorImpl	sun.reflect.NativeMethodAccessorImpl	sun.reflect.DelegatingMethodAccessorImpl	java.lang.reflect.Method	org.junit.runners.model.FrameworkMethod$1	org.junit.internal.runners.model.ReflectiveCallable	org.junit.runners.model.FrameworkMethod	org.junit.internal.runners.statements.InvokeMethod	org.junit.runners.ParentRunner	org.junit.runners.BlockJUnit4ClassRunner	org.junit.runners.BlockJUnit4ClassRunner	org.junit.runners.ParentRunner$3	org.junit.runners.ParentRunner$1	org.junit.runners.ParentRunner	org.junit.runners.ParentRunner	org.junit.runners.ParentRunner$2	org.junit.runners.ParentRunner	org.apache.maven.surefire.junit4.JUnit4Provider	org.apache.maven.surefire.junit4.JUnit4Provider	org.apache.maven.surefire.junit4.JUnit4Provider	org.apache.maven.surefire.junit4.JUnit4Provider	org.apache.maven.surefire.booter.ForkedBooter	org.apache.maven.surefire.booter.ForkedBooter	org.apache.maven.surefire.booter.ForkedBooter	
[CTEST][SET-PARAM] foo java.lang.Thread	org.apache.felix.fileinstall.plugins.resolver.impl.MyHashMap	org.apache.felix.fileinstall.plugins.resolver.impl.MyHashMap	org.apache.felix.fileinstall.plugins.resolver.impl.PluginResolveContextTest$6	org.apache.felix.fileinstall.plugins.resolver.impl.PluginResolveContextTest	sun.reflect.NativeMethodAccessorImpl	sun.reflect.NativeMethodAccessorImpl	sun.reflect.DelegatingMethodAccessorImpl	java.lang.reflect.Method	org.junit.runners.model.FrameworkMethod$1	org.junit.internal.runners.model.ReflectiveCallable	org.junit.runners.model.FrameworkMethod	org.junit.internal.runners.statements.InvokeMethod	org.junit.runners.ParentRunner	org.junit.runners.BlockJUnit4ClassRunner	org.junit.runners.BlockJUnit4ClassRunner	org.junit.runners.ParentRunner$3	org.junit.runners.ParentRunner$1	org.junit.runners.ParentRunner	org.junit.runners.ParentRunner	org.junit.runners.ParentRunner$2	org.junit.runners.ParentRunner	org.apache.maven.surefire.junit4.JUnit4Provider	org.apache.maven.surefire.junit4.JUnit4Provider	org.apache.maven.surefire.junit4.JUnit4Provider	org.apache.maven.surefire.junit4.JUnit4Provider	org.apache.maven.surefire.booter.ForkedBooter	org.apache.maven.surefire.booter.ForkedBooter	org.apache.maven.surefire.booter.ForkedBooter	
[CTEST][SET-PARAM] effective java.lang.Thread	org.apache.felix.fileinstall.plugins.resolver.impl.MyHashMap	org.apache.felix.fileinstall.plugins.resolver.impl.MyHashMap	org.apache.felix.fileinstall.plugins.resolver.impl.PluginResolveContextTest	org.apache.felix.fileinstall.plugins.resolver.impl.PluginResolveContextTest	sun.reflect.NativeMethodAccessorImpl	sun.reflect.NativeMethodAccessorImpl	sun.reflect.DelegatingMethodAccessorImpl	java.lang.reflect.Method	org.junit.runners.model.FrameworkMethod$1	org.junit.internal.runners.model.ReflectiveCallable	org.junit.runners.model.FrameworkMethod	org.junit.internal.runners.statements.InvokeMethod	org.junit.runners.ParentRunner	org.junit.runners.BlockJUnit4ClassRunner	org.junit.runners.BlockJUnit4ClassRunner	org.junit.runners.ParentRunner$3	org.junit.runners.ParentRunner$1	org.junit.runners.ParentRunner	org.junit.runners.ParentRunner	org.junit.runners.ParentRunner$2	org.junit.runners.ParentRunner	org.apache.maven.surefire.junit4.JUnit4Provider	org.apache.maven.surefire.junit4.JUnit4Provider	org.apache.maven.surefire.junit4.JUnit4Provider	org.apache.maven.surefire.junit4.JUnit4Provider	org.apache.maven.surefire.booter.ForkedBooter	org.apache.maven.surefire.booter.ForkedBooter	org.apache.maven.surefire.booter.ForkedBooter	
[CTEST][GET-PARAM] effective java.lang.Thread	org.apache.felix.fileinstall.plugins.resolver.impl.MyHashMap	org.apache.felix.fileinstall.plugins.resolver.impl.MyHashMap	java.util.Collections$UnmodifiableMap	org.apache.felix.fileinstall.plugins.resolver.impl.PluginResolveContext	org.apache.felix.fileinstall.plugins.resolver.impl.PluginResolveContext	org.apache.felix.fileinstall.plugins.resolver.impl.PluginResolveContextTest	sun.reflect.NativeMethodAccessorImpl	sun.reflect.NativeMethodAccessorImpl	sun.reflect.DelegatingMethodAccessorImpl	java.lang.reflect.Method	org.junit.runners.model.FrameworkMethod$1	org.junit.internal.runners.model.ReflectiveCallable	org.junit.runners.model.FrameworkMethod	org.junit.internal.runners.statements.InvokeMethod	org.junit.runners.ParentRunner	org.junit.runners.BlockJUnit4ClassRunner	org.junit.runners.BlockJUnit4ClassRunner	org.junit.runners.ParentRunner$3	org.junit.runners.ParentRunner$1	org.junit.runners.ParentRunner	org.junit.runners.ParentRunner	org.junit.runners.ParentRunner$2	org.junit.runners.ParentRunner	org.apache.maven.surefire.junit4.JUnit4Provider	org.apache.maven.surefire.junit4.JUnit4Provider	org.apache.maven.surefire.junit4.JUnit4Provider	org.apache.maven.surefire.junit4.JUnit4Provider	org.apache.maven.surefire.booter.ForkedBooter	org.apache.maven.surefire.booter.ForkedBooter	org.apache.maven.surefire.booter.ForkedBooter	
[CTEST][GET-PARAM] effective java.lang.Thread	org.apache.felix.fileinstall.plugins.resolver.impl.MyHashMap	org.apache.felix.fileinstall.plugins.resolver.impl.MyHashMap	java.util.Collections$UnmodifiableMap	org.apache.felix.fileinstall.plugins.resolver.impl.PluginResolveContext	org.apache.felix.fileinstall.plugins.resolver.impl.PluginResolveContext	org.apache.felix.fileinstall.plugins.resolver.impl.PluginResolveContextTest	sun.reflect.NativeMethodAccessorImpl	sun.reflect.NativeMethodAccessorImpl	sun.reflect.DelegatingMethodAccessorImpl	java.lang.reflect.Method	org.junit.runners.model.FrameworkMethod$1	org.junit.internal.runners.model.ReflectiveCallable	org.junit.runners.model.FrameworkMethod	org.junit.internal.runners.statements.InvokeMethod	org.junit.runners.ParentRunner	org.junit.runners.BlockJUnit4ClassRunner	org.junit.runners.BlockJUnit4ClassRunner	org.junit.runners.ParentRunner$3	org.junit.runners.ParentRunner$1	org.junit.runners.ParentRunner	org.junit.runners.ParentRunner	org.junit.runners.ParentRunner$2	org.junit.runners.ParentRunner	org.apache.maven.surefire.junit4.JUnit4Provider	org.apache.maven.surefire.junit4.JUnit4Provider	org.apache.maven.surefire.junit4.JUnit4Provider	org.apache.maven.surefire.junit4.JUnit4Provider	org.apache.maven.surefire.booter.ForkedBooter	org.apache.maven.surefire.booter.ForkedBooter	org.apache.maven.surefire.booter.ForkedBooter	
[CTEST][GET-PARAM] filter java.lang.Thread	org.apache.felix.fileinstall.plugins.resolver.impl.MyHashMap	org.apache.felix.fileinstall.plugins.resolver.impl.MyHashMap	java.util.Collections$UnmodifiableMap	org.apache.felix.fileinstall.plugins.resolver.impl.PluginResolveContext	org.apache.felix.fileinstall.plugins.resolver.impl.PluginResolveContext	org.apache.felix.fileinstall.plugins.resolver.impl.PluginResolveContextTest	sun.reflect.NativeMethodAccessorImpl	sun.reflect.NativeMethodAccessorImpl	sun.reflect.DelegatingMethodAccessorImpl	java.lang.reflect.Method	org.junit.runners.model.FrameworkMethod$1	org.junit.internal.runners.model.ReflectiveCallable	org.junit.runners.model.FrameworkMethod	org.junit.internal.runners.statements.InvokeMethod	org.junit.runners.ParentRunner	org.junit.runners.BlockJUnit4ClassRunner	org.junit.runners.BlockJUnit4ClassRunner	org.junit.runners.ParentRunner$3	org.junit.runners.ParentRunner$1	org.junit.runners.ParentRunner	org.junit.runners.ParentRunner	org.junit.runners.ParentRunner$2	org.junit.runners.ParentRunner	org.apache.maven.surefire.junit4.JUnit4Provider	org.apache.maven.surefire.junit4.JUnit4Provider	org.apache.maven.surefire.junit4.JUnit4Provider	org.apache.maven.surefire.junit4.JUnit4Provider	org.apache.maven.surefire.booter.ForkedBooter	org.apache.maven.surefire.booter.ForkedBooter	org.apache.maven.surefire.booter.ForkedBooter	
[CTEST][GET-PARAM] foo java.lang.Thread	org.apache.felix.fileinstall.plugins.resolver.impl.MyHashMap	org.apache.felix.fileinstall.plugins.resolver.impl.MyHashMap	java.util.Collections$UnmodifiableMap	org.osgi.framework.FrameworkUtil$FilterImpl	org.apache.felix.fileinstall.plugins.resolver.impl.PluginResolveContext	org.apache.felix.fileinstall.plugins.resolver.impl.PluginResolveContext	org.apache.felix.fileinstall.plugins.resolver.impl.PluginResolveContextTest	sun.reflect.NativeMethodAccessorImpl	sun.reflect.NativeMethodAccessorImpl	sun.reflect.DelegatingMethodAccessorImpl	java.lang.reflect.Method	org.junit.runners.model.FrameworkMethod$1	org.junit.internal.runners.model.ReflectiveCallable	org.junit.runners.model.FrameworkMethod	org.junit.internal.runners.statements.InvokeMethod	org.junit.runners.ParentRunner	org.junit.runners.BlockJUnit4ClassRunner	org.junit.runners.BlockJUnit4ClassRunner	org.junit.runners.ParentRunner$3	org.junit.runners.ParentRunner$1	org.junit.runners.ParentRunner	org.junit.runners.ParentRunner	org.junit.runners.ParentRunner$2	org.junit.runners.ParentRunner	org.apache.maven.surefire.junit4.JUnit4Provider	org.apache.maven.surefire.junit4.JUnit4Provider	org.apache.maven.surefire.junit4.JUnit4Provider	org.apache.maven.surefire.junit4.JUnit4Provider	org.apache.maven.surefire.booter.ForkedBooter	org.apache.maven.surefire.booter.ForkedBooter	org.apache.maven.surefire.booter.ForkedBooter	
Tests run: 3, Failures: 0, Errors: 0, Skipped: 0, Time elapsed: 0.04 sec - in org.apache.felix.fileinstall.plugins.resolver.impl.PluginResolveContextTest

Results :

Tests run: 8, Failures: 0, Errors: 0, Skipped: 0

[[1;34mINFO[m] 
[[1;34mINFO[m] [1m--- [0;32manimal-sniffer-maven-plugin:1.14:check[m [1m(default)[m @ [36morg.apache.felix.fileinstall.plugins.resolver[0;1m ---[m
[[1;34mINFO[m] Checking unresolved references to org.codehaus.mojo.signature:java17:1.0
[[1;34mINFO[m] 
[[1;34mINFO[m] [1m--< [0;36morg.apache.felix:org.apache.felix.fileinstall.plugins.installer[0;1m >---[m
[[1;34mINFO[m] [1mBuilding Apache Felix File Install Installer Plugin 1.0.0-SNAPSHOT [2/4][m
[[1;34mINFO[m] [1m--------------------------------[ jar ]---------------------------------[m
[[1;34mINFO[m] 
[[1;34mINFO[m] [1m--- [0;32mmaven-antrun-plugin:1.8:run[m [1m(set-bundle-required-execution-environment)[m @ [36morg.apache.felix.fileinstall.plugins.installer[0;1m ---[m
[[1;34mINFO[m] Executing tasks

main:
Using felix.java.version=8
[[1;34mINFO[m] Executed tasks
[[1;34mINFO[m] 
[[1;34mINFO[m] [1m--- [0;32mmaven-remote-resources-plugin:1.5:process[m [1m(default)[m @ [36morg.apache.felix.fileinstall.plugins.installer[0;1m ---[m
[[1;34mINFO[m] 
[[1;34mINFO[m] [1m--- [0;32mmaven-resources-plugin:2.7:resources[m [1m(default-resources)[m @ [36morg.apache.felix.fileinstall.plugins.installer[0;1m ---[m
[[1;34mINFO[m] Using 'UTF-8' encoding to copy filtered resources.
[[1;34mINFO[m] skip non existing resourceDirectory /home/zixi2/felix-dev/fileinstall-plugins/installer/src/main/resources
[[1;34mINFO[m] Copying 0 resource to META-INF
[[1;34mINFO[m] Copying 3 resources
[[1;34mINFO[m] 
[[1;34mINFO[m] [1m--- [0;32mmaven-compiler-plugin:3.2:compile[m [1m(default-compile)[m @ [36morg.apache.felix.fileinstall.plugins.installer[0;1m ---[m
[[1;34mINFO[m] Changes detected - recompiling the module!
[[1;34mINFO[m] Compiling 22 source files to /home/zixi2/felix-dev/fileinstall-plugins/installer/target/classes
[[1;34mINFO[m] /home/zixi2/felix-dev/fileinstall-plugins/installer/src/main/java/org/apache/felix/fileinstall/plugins/installer/impl/MyHashMap.java: Some input files use unchecked or unsafe operations.
[[1;34mINFO[m] /home/zixi2/felix-dev/fileinstall-plugins/installer/src/main/java/org/apache/felix/fileinstall/plugins/installer/impl/MyHashMap.java: Recompile with -Xlint:unchecked for details.
[[1;34mINFO[m] 
[[1;34mINFO[m] [1m--- [0;32mbnd-maven-plugin:3.4.0:bnd-process[m [1m(default-bnd-process)[m @ [36morg.apache.felix.fileinstall.plugins.installer[0;1m ---[m
[[1;34mINFO[m] 
[[1;34mINFO[m] [1m--- [0;32mmaven-resources-plugin:2.7:testResources[m [1m(default-testResources)[m @ [36morg.apache.felix.fileinstall.plugins.installer[0;1m ---[m
[[1;34mINFO[m] Using 'UTF-8' encoding to copy filtered resources.
[[1;34mINFO[m] Copying 6 resources
[[1;34mINFO[m] Copying 3 resources
[[1;34mINFO[m] 
[[1;34mINFO[m] [1m--- [0;32mmaven-compiler-plugin:3.2:testCompile[m [1m(default-testCompile)[m @ [36morg.apache.felix.fileinstall.plugins.installer[0;1m ---[m
[[1;34mINFO[m] Changes detected - recompiling the module!
[[1;34mINFO[m] Compiling 3 source files to /home/zixi2/felix-dev/fileinstall-plugins/installer/target/test-classes
[[1;34mINFO[m] 
[[1;34mINFO[m] [1m--- [0;32mmaven-surefire-plugin:2.18.1:test[m [1m(default-test)[m @ [36morg.apache.felix.fileinstall.plugins.installer[0;1m ---[m
[[1;34mINFO[m] Surefire report directory: /home/zixi2/felix-dev/fileinstall-plugins/installer/target/surefire-reports

-------------------------------------------------------
 T E S T S
-------------------------------------------------------
Running org.apache.felix.fileinstall.plugins.installer.impl.CompositeBundleInstallerTest
Tests run: 6, Failures: 0, Errors: 0, Skipped: 0, Time elapsed: 0.022 sec - in org.apache.felix.fileinstall.plugins.installer.impl.CompositeBundleInstallerTest
Running org.apache.felix.fileinstall.plugins.installer.impl.RequirementParserTest
Tests run: 2, Failures: 0, Errors: 0, Skipped: 0, Time elapsed: 0.043 sec - in org.apache.felix.fileinstall.plugins.installer.impl.RequirementParserTest

Results :

Tests run: 8, Failures: 0, Errors: 0, Skipped: 0

[[1;34mINFO[m] 
[[1;34mINFO[m] [1m--- [0;32manimal-sniffer-maven-plugin:1.14:check[m [1m(default)[m @ [36morg.apache.felix.fileinstall.plugins.installer[0;1m ---[m
[[1;34mINFO[m] Checking unresolved references to org.codehaus.mojo.signature:java18:1.0
[[1;34mINFO[m] 
[[1;34mINFO[m] [1m--< [0;36morg.apache.felix:org.apache.felix.fileinstall.plugins.installer.test[0;1m >--[m
[[1;34mINFO[m] [1mBuilding Apache Felix File Install Plugin - Artifact Installer Integration Test 1.0.0-SNAPSHOT [3/4][m
[[1;34mINFO[m] [1m--------------------------------[ jar ]---------------------------------[m
[[1;34mINFO[m] 
[[1;34mINFO[m] [1m--- [0;32mmaven-antrun-plugin:1.8:run[m [1m(set-bundle-required-execution-environment)[m @ [36morg.apache.felix.fileinstall.plugins.installer.test[0;1m ---[m
[[1;34mINFO[m] Executing tasks

main:
Using felix.java.version=8
[[1;34mINFO[m] Executed tasks
[[1;34mINFO[m] 
[[1;34mINFO[m] [1m--- [0;32mmaven-remote-resources-plugin:1.5:process[m [1m(default)[m @ [36morg.apache.felix.fileinstall.plugins.installer.test[0;1m ---[m
[[1;34mINFO[m] 
[[1;34mINFO[m] [1m--- [0;32mdepends-maven-plugin:1.2:generate-depends-file[m [1m(generate-depends-file)[m @ [36morg.apache.felix.fileinstall.plugins.installer.test[0;1m ---[m
[[1;34mINFO[m] Created: /home/zixi2/felix-dev/fileinstall-plugins/installer.test/target/classes/META-INF/maven/dependencies.properties
[[1;34mINFO[m] 
[[1;34mINFO[m] [1m--- [0;32mmaven-resources-plugin:2.7:resources[m [1m(default-resources)[m @ [36morg.apache.felix.fileinstall.plugins.installer.test[0;1m ---[m
[[1;34mINFO[m] Using 'UTF-8' encoding to copy filtered resources.
[[1;34mINFO[m] skip non existing resourceDirectory /home/zixi2/felix-dev/fileinstall-plugins/installer.test/src/main/resources
[[1;34mINFO[m] Copying 0 resource to META-INF
[[1;34mINFO[m] Copying 3 resources
[[1;34mINFO[m] 
[[1;34mINFO[m] [1m--- [0;32mmaven-compiler-plugin:3.2:compile[m [1m(default-compile)[m @ [36morg.apache.felix.fileinstall.plugins.installer.test[0;1m ---[m
[[1;34mINFO[m] No sources to compile
[[1;34mINFO[m] 
[[1;34mINFO[m] [1m--- [0;32mmaven-resources-plugin:2.7:testResources[m [1m(default-testResources)[m @ [36morg.apache.felix.fileinstall.plugins.installer.test[0;1m ---[m
[[1;34mINFO[m] Using 'UTF-8' encoding to copy filtered resources.
[[1;34mINFO[m] Copying 6 resources
[[1;34mINFO[m] Copying 3 resources
[[1;34mINFO[m] 
[[1;34mINFO[m] [1m--- [0;32mmaven-compiler-plugin:3.2:testCompile[m [1m(default-testCompile)[m @ [36morg.apache.felix.fileinstall.plugins.installer.test[0;1m ---[m
[[1;34mINFO[m] Changes detected - recompiling the module!
[[1;34mINFO[m] Compiling 1 source file to /home/zixi2/felix-dev/fileinstall-plugins/installer.test/target/test-classes
[[1;34mINFO[m] 
[[1;34mINFO[m] [1m--- [0;32mmaven-surefire-plugin:2.18.1:test[m [1m(default-test)[m @ [36morg.apache.felix.fileinstall.plugins.installer.test[0;1m ---[m
[[1;34mINFO[m] Surefire report directory: /home/zixi2/felix-dev/fileinstall-plugins/installer.test/target/surefire-reports

-------------------------------------------------------
 T E S T S
-------------------------------------------------------
SLF4J: Failed to load class "org.slf4j.impl.StaticLoggerBinder".
SLF4J: Defaulting to no-operation (NOP) logger implementation
SLF4J: See http://www.slf4j.org/codes.html#StaticLoggerBinder for further details.
Running org.apache.felix.fileinstall.plugins.installer.test.InstallerIntegrationTest





Tests run: 5, Failures: 0, Errors: 5, Skipped: 0, Time elapsed: 5.423 sec <<< FAILURE! - in org.apache.felix.fileinstall.plugins.installer.test.InstallerIntegrationTest
testErrorFromInvalidArchive(org.apache.felix.fileinstall.plugins.installer.test.InstallerIntegrationTest)  Time elapsed: 1.874 sec  <<< ERROR!
java.io.IOException: Error resolving artifact org.ops4j.pax.exam:pax-exam-inject:jar:4.9.2: Could not transfer artifact org.ops4j.pax.exam:pax-exam-inject:jar:4.9.2 from/to central (http://repo1.maven.org/maven2/): Failed to transfer file: http://repo1.maven.org/maven2/org/ops4j/pax/exam/pax-exam-inject/4.9.2/pax-exam-inject-4.9.2.jar. Return code is: 501 , ReasonPhrase:HTTPS Required.
	at org.ops4j.pax.url.mvn.internal.AetherBasedResolver.resolve(AetherBasedResolver.java:626)
	at org.ops4j.pax.url.mvn.internal.AetherBasedResolver.resolve(AetherBasedResolver.java:570)
	at org.ops4j.pax.url.mvn.internal.AetherBasedResolver.resolve(AetherBasedResolver.java:548)
	at org.ops4j.pax.url.mvn.internal.AetherBasedResolver.resolve(AetherBasedResolver.java:523)
	at org.ops4j.pax.url.mvn.internal.Connection.getInputStream(Connection.java:123)
	at java.net.URL.openStream(URL.java:1093)
	at org.ops4j.pax.exam.forked.provision.StreamUtils.streamCopy(StreamUtils.java:103)
	at org.ops4j.pax.exam.forked.provision.PlatformImpl.download(PlatformImpl.java:133)
	at org.ops4j.pax.exam.forked.ForkedTestContainer.downloadBundle(ForkedTestContainer.java:354)
	at org.ops4j.pax.exam.forked.ForkedTestContainer.installAndStartBundles(ForkedTestContainer.java:283)
	at org.ops4j.pax.exam.forked.ForkedTestContainer.start(ForkedTestContainer.java:165)
	at org.ops4j.pax.exam.spi.reactors.AllConfinedStagedReactor.invoke(AllConfinedStagedReactor.java:79)
	at org.ops4j.pax.exam.junit.impl.ProbeRunner$2.evaluate(ProbeRunner.java:267)
	at org.junit.runners.ParentRunner.runLeaf(ParentRunner.java:271)
	at org.junit.runners.BlockJUnit4ClassRunner.runChild(BlockJUnit4ClassRunner.java:70)
	at org.junit.runners.BlockJUnit4ClassRunner.runChild(BlockJUnit4ClassRunner.java:50)
	at org.junit.runners.ParentRunner$3.run(ParentRunner.java:238)
	at org.junit.runners.ParentRunner$1.schedule(ParentRunner.java:63)
	at org.junit.runners.ParentRunner.runChildren(ParentRunner.java:236)
	at org.junit.runners.ParentRunner.access$000(ParentRunner.java:53)
	at org.junit.runners.ParentRunner$2.evaluate(ParentRunner.java:229)
	at org.junit.runners.ParentRunner.run(ParentRunner.java:309)
	at org.ops4j.pax.exam.junit.impl.ProbeRunner.run(ProbeRunner.java:98)
	at org.ops4j.pax.exam.junit.PaxExam.run(PaxExam.java:93)
	at org.apache.maven.surefire.junit4.JUnit4Provider.execute(JUnit4Provider.java:283)
	at org.apache.maven.surefire.junit4.JUnit4Provider.executeWithRerun(JUnit4Provider.java:173)
	at org.apache.maven.surefire.junit4.JUnit4Provider.executeTestSet(JUnit4Provider.java:153)
	at org.apache.maven.surefire.junit4.JUnit4Provider.invoke(JUnit4Provider.java:128)
	at org.apache.maven.surefire.booter.ForkedBooter.invokeProviderInSameClassLoader(ForkedBooter.java:203)
	at org.apache.maven.surefire.booter.ForkedBooter.runSuitesInProcess(ForkedBooter.java:155)
	at org.apache.maven.surefire.booter.ForkedBooter.main(ForkedBooter.java:103)

testAddRemoveBundles(org.apache.felix.fileinstall.plugins.installer.test.InstallerIntegrationTest)  Time elapsed: 0.895 sec  <<< ERROR!
java.io.IOException: Error resolving artifact org.ops4j.pax.exam:pax-exam-inject:jar:4.9.2: Could not transfer artifact org.ops4j.pax.exam:pax-exam-inject:jar:4.9.2 from/to central (http://repo1.maven.org/maven2/): Failed to transfer file: http://repo1.maven.org/maven2/org/ops4j/pax/exam/pax-exam-inject/4.9.2/pax-exam-inject-4.9.2.jar. Return code is: 501 , ReasonPhrase:HTTPS Required.
	at org.ops4j.pax.url.mvn.internal.AetherBasedResolver.resolve(AetherBasedResolver.java:626)
	at org.ops4j.pax.url.mvn.internal.AetherBasedResolver.resolve(AetherBasedResolver.java:570)
	at org.ops4j.pax.url.mvn.internal.AetherBasedResolver.resolve(AetherBasedResolver.java:548)
	at org.ops4j.pax.url.mvn.internal.AetherBasedResolver.resolve(AetherBasedResolver.java:523)
	at org.ops4j.pax.url.mvn.internal.Connection.getInputStream(Connection.java:123)
	at java.net.URL.openStream(URL.java:1093)
	at org.ops4j.pax.exam.forked.provision.StreamUtils.streamCopy(StreamUtils.java:103)
	at org.ops4j.pax.exam.forked.provision.PlatformImpl.download(PlatformImpl.java:133)
	at org.ops4j.pax.exam.forked.ForkedTestContainer.downloadBundle(ForkedTestContainer.java:354)
	at org.ops4j.pax.exam.forked.ForkedTestContainer.installAndStartBundles(ForkedTestContainer.java:283)
	at org.ops4j.pax.exam.forked.ForkedTestContainer.start(ForkedTestContainer.java:165)
	at org.ops4j.pax.exam.spi.reactors.AllConfinedStagedReactor.invoke(AllConfinedStagedReactor.java:79)
	at org.ops4j.pax.exam.junit.impl.ProbeRunner$2.evaluate(ProbeRunner.java:267)
	at org.junit.runners.ParentRunner.runLeaf(ParentRunner.java:271)
	at org.junit.runners.BlockJUnit4ClassRunner.runChild(BlockJUnit4ClassRunner.java:70)
	at org.junit.runners.BlockJUnit4ClassRunner.runChild(BlockJUnit4ClassRunner.java:50)
	at org.junit.runners.ParentRunner$3.run(ParentRunner.java:238)
	at org.junit.runners.ParentRunner$1.schedule(ParentRunner.java:63)
	at org.junit.runners.ParentRunner.runChildren(ParentRunner.java:236)
	at org.junit.runners.ParentRunner.access$000(ParentRunner.java:53)
	at org.junit.runners.ParentRunner$2.evaluate(ParentRunner.java:229)
	at org.junit.runners.ParentRunner.run(ParentRunner.java:309)
	at org.ops4j.pax.exam.junit.impl.ProbeRunner.run(ProbeRunner.java:98)
	at org.ops4j.pax.exam.junit.PaxExam.run(PaxExam.java:93)
	at org.apache.maven.surefire.junit4.JUnit4Provider.execute(JUnit4Provider.java:283)
	at org.apache.maven.surefire.junit4.JUnit4Provider.executeWithRerun(JUnit4Provider.java:173)
	at org.apache.maven.surefire.junit4.JUnit4Provider.executeTestSet(JUnit4Provider.java:153)
	at org.apache.maven.surefire.junit4.JUnit4Provider.invoke(JUnit4Provider.java:128)
	at org.apache.maven.surefire.booter.ForkedBooter.invokeProviderInSameClassLoader(ForkedBooter.java:203)
	at org.apache.maven.surefire.booter.ForkedBooter.runSuitesInProcess(ForkedBooter.java:155)
	at org.apache.maven.surefire.booter.ForkedBooter.main(ForkedBooter.java:103)

testDontRemoveExistingBundle(org.apache.felix.fileinstall.plugins.installer.test.InstallerIntegrationTest)  Time elapsed: 0.899 sec  <<< ERROR!
java.io.IOException: Error resolving artifact org.ops4j.pax.exam:pax-exam-inject:jar:4.9.2: Could not transfer artifact org.ops4j.pax.exam:pax-exam-inject:jar:4.9.2 from/to central (http://repo1.maven.org/maven2/): Failed to transfer file: http://repo1.maven.org/maven2/org/ops4j/pax/exam/pax-exam-inject/4.9.2/pax-exam-inject-4.9.2.jar. Return code is: 501 , ReasonPhrase:HTTPS Required.
	at org.ops4j.pax.url.mvn.internal.AetherBasedResolver.resolve(AetherBasedResolver.java:626)
	at org.ops4j.pax.url.mvn.internal.AetherBasedResolver.resolve(AetherBasedResolver.java:570)
	at org.ops4j.pax.url.mvn.internal.AetherBasedResolver.resolve(AetherBasedResolver.java:548)
	at org.ops4j.pax.url.mvn.internal.AetherBasedResolver.resolve(AetherBasedResolver.java:523)
	at org.ops4j.pax.url.mvn.internal.Connection.getInputStream(Connection.java:123)
	at java.net.URL.openStream(URL.java:1093)
	at org.ops4j.pax.exam.forked.provision.StreamUtils.streamCopy(StreamUtils.java:103)
	at org.ops4j.pax.exam.forked.provision.PlatformImpl.download(PlatformImpl.java:133)
	at org.ops4j.pax.exam.forked.ForkedTestContainer.downloadBundle(ForkedTestContainer.java:354)
	at org.ops4j.pax.exam.forked.ForkedTestContainer.installAndStartBundles(ForkedTestContainer.java:283)
	at org.ops4j.pax.exam.forked.ForkedTestContainer.start(ForkedTestContainer.java:165)
	at org.ops4j.pax.exam.spi.reactors.AllConfinedStagedReactor.invoke(AllConfinedStagedReactor.java:79)
	at org.ops4j.pax.exam.junit.impl.ProbeRunner$2.evaluate(ProbeRunner.java:267)
	at org.junit.runners.ParentRunner.runLeaf(ParentRunner.java:271)
	at org.junit.runners.BlockJUnit4ClassRunner.runChild(BlockJUnit4ClassRunner.java:70)
	at org.junit.runners.BlockJUnit4ClassRunner.runChild(BlockJUnit4ClassRunner.java:50)
	at org.junit.runners.ParentRunner$3.run(ParentRunner.java:238)
	at org.junit.runners.ParentRunner$1.schedule(ParentRunner.java:63)
	at org.junit.runners.ParentRunner.runChildren(ParentRunner.java:236)
	at org.junit.runners.ParentRunner.access$000(ParentRunner.java:53)
	at org.junit.runners.ParentRunner$2.evaluate(ParentRunner.java:229)
	at org.junit.runners.ParentRunner.run(ParentRunner.java:309)
	at org.ops4j.pax.exam.junit.impl.ProbeRunner.run(ProbeRunner.java:98)
	at org.ops4j.pax.exam.junit.PaxExam.run(PaxExam.java:93)
	at org.apache.maven.surefire.junit4.JUnit4Provider.execute(JUnit4Provider.java:283)
	at org.apache.maven.surefire.junit4.JUnit4Provider.executeWithRerun(JUnit4Provider.java:173)
	at org.apache.maven.surefire.junit4.JUnit4Provider.executeTestSet(JUnit4Provider.java:153)
	at org.apache.maven.surefire.junit4.JUnit4Provider.invoke(JUnit4Provider.java:128)
	at org.apache.maven.surefire.booter.ForkedBooter.invokeProviderInSameClassLoader(ForkedBooter.java:203)
	at org.apache.maven.surefire.booter.ForkedBooter.runSuitesInProcess(ForkedBooter.java:155)
	at org.apache.maven.surefire.booter.ForkedBooter.main(ForkedBooter.java:103)

testAddRemoveOverlappingBundles(org.apache.felix.fileinstall.plugins.installer.test.InstallerIntegrationTest)  Time elapsed: 0.969 sec  <<< ERROR!
java.io.IOException: Error resolving artifact org.ops4j.pax.exam:pax-exam-inject:jar:4.9.2: Could not transfer artifact org.ops4j.pax.exam:pax-exam-inject:jar:4.9.2 from/to central (http://repo1.maven.org/maven2/): Failed to transfer file: http://repo1.maven.org/maven2/org/ops4j/pax/exam/pax-exam-inject/4.9.2/pax-exam-inject-4.9.2.jar. Return code is: 501 , ReasonPhrase:HTTPS Required.
	at org.ops4j.pax.url.mvn.internal.AetherBasedResolver.resolve(AetherBasedResolver.java:626)
	at org.ops4j.pax.url.mvn.internal.AetherBasedResolver.resolve(AetherBasedResolver.java:570)
	at org.ops4j.pax.url.mvn.internal.AetherBasedResolver.resolve(AetherBasedResolver.java:548)
	at org.ops4j.pax.url.mvn.internal.AetherBasedResolver.resolve(AetherBasedResolver.java:523)
	at org.ops4j.pax.url.mvn.internal.Connection.getInputStream(Connection.java:123)
	at java.net.URL.openStream(URL.java:1093)
	at org.ops4j.pax.exam.forked.provision.StreamUtils.streamCopy(StreamUtils.java:103)
	at org.ops4j.pax.exam.forked.provision.PlatformImpl.download(PlatformImpl.java:133)
	at org.ops4j.pax.exam.forked.ForkedTestContainer.downloadBundle(ForkedTestContainer.java:354)
	at org.ops4j.pax.exam.forked.ForkedTestContainer.installAndStartBundles(ForkedTestContainer.java:283)
	at org.ops4j.pax.exam.forked.ForkedTestContainer.start(ForkedTestContainer.java:165)
	at org.ops4j.pax.exam.spi.reactors.AllConfinedStagedReactor.invoke(AllConfinedStagedReactor.java:79)
	at org.ops4j.pax.exam.junit.impl.ProbeRunner$2.evaluate(ProbeRunner.java:267)
	at org.junit.runners.ParentRunner.runLeaf(ParentRunner.java:271)
	at org.junit.runners.BlockJUnit4ClassRunner.runChild(BlockJUnit4ClassRunner.java:70)
	at org.junit.runners.BlockJUnit4ClassRunner.runChild(BlockJUnit4ClassRunner.java:50)
	at org.junit.runners.ParentRunner$3.run(ParentRunner.java:238)
	at org.junit.runners.ParentRunner$1.schedule(ParentRunner.java:63)
	at org.junit.runners.ParentRunner.runChildren(ParentRunner.java:236)
	at org.junit.runners.ParentRunner.access$000(ParentRunner.java:53)
	at org.junit.runners.ParentRunner$2.evaluate(ParentRunner.java:229)
	at org.junit.runners.ParentRunner.run(ParentRunner.java:309)
	at org.ops4j.pax.exam.junit.impl.ProbeRunner.run(ProbeRunner.java:98)
	at org.ops4j.pax.exam.junit.PaxExam.run(PaxExam.java:93)
	at org.apache.maven.surefire.junit4.JUnit4Provider.execute(JUnit4Provider.java:283)
	at org.apache.maven.surefire.junit4.JUnit4Provider.executeWithRerun(JUnit4Provider.java:173)
	at org.apache.maven.surefire.junit4.JUnit4Provider.executeTestSet(JUnit4Provider.java:153)
	at org.apache.maven.surefire.junit4.JUnit4Provider.invoke(JUnit4Provider.java:128)
	at org.apache.maven.surefire.booter.ForkedBooter.invokeProviderInSameClassLoader(ForkedBooter.java:203)
	at org.apache.maven.surefire.booter.ForkedBooter.runSuitesInProcess(ForkedBooter.java:155)
	at org.apache.maven.surefire.booter.ForkedBooter.main(ForkedBooter.java:103)

testInstallArchives(org.apache.felix.fileinstall.plugins.installer.test.InstallerIntegrationTest)  Time elapsed: 0.766 sec  <<< ERROR!
java.io.IOException: Error resolving artifact org.ops4j.pax.exam:pax-exam-inject:jar:4.9.2: Could not transfer artifact org.ops4j.pax.exam:pax-exam-inject:jar:4.9.2 from/to central (http://repo1.maven.org/maven2/): Failed to transfer file: http://repo1.maven.org/maven2/org/ops4j/pax/exam/pax-exam-inject/4.9.2/pax-exam-inject-4.9.2.jar. Return code is: 501 , ReasonPhrase:HTTPS Required.
	at org.ops4j.pax.url.mvn.internal.AetherBasedResolver.resolve(AetherBasedResolver.java:626)
	at org.ops4j.pax.url.mvn.internal.AetherBasedResolver.resolve(AetherBasedResolver.java:570)
	at org.ops4j.pax.url.mvn.internal.AetherBasedResolver.resolve(AetherBasedResolver.java:548)
	at org.ops4j.pax.url.mvn.internal.AetherBasedResolver.resolve(AetherBasedResolver.java:523)
	at org.ops4j.pax.url.mvn.internal.Connection.getInputStream(Connection.java:123)
	at java.net.URL.openStream(URL.java:1093)
	at org.ops4j.pax.exam.forked.provision.StreamUtils.streamCopy(StreamUtils.java:103)
	at org.ops4j.pax.exam.forked.provision.PlatformImpl.download(PlatformImpl.java:133)
	at org.ops4j.pax.exam.forked.ForkedTestContainer.downloadBundle(ForkedTestContainer.java:354)
	at org.ops4j.pax.exam.forked.ForkedTestContainer.installAndStartBundles(ForkedTestContainer.java:283)
	at org.ops4j.pax.exam.forked.ForkedTestContainer.start(ForkedTestContainer.java:165)
	at org.ops4j.pax.exam.spi.reactors.AllConfinedStagedReactor.invoke(AllConfinedStagedReactor.java:79)
	at org.ops4j.pax.exam.junit.impl.ProbeRunner$2.evaluate(ProbeRunner.java:267)
	at org.junit.runners.ParentRunner.runLeaf(ParentRunner.java:271)
	at org.junit.runners.BlockJUnit4ClassRunner.runChild(BlockJUnit4ClassRunner.java:70)
	at org.junit.runners.BlockJUnit4ClassRunner.runChild(BlockJUnit4ClassRunner.java:50)
	at org.junit.runners.ParentRunner$3.run(ParentRunner.java:238)
	at org.junit.runners.ParentRunner$1.schedule(ParentRunner.java:63)
	at org.junit.runners.ParentRunner.runChildren(ParentRunner.java:236)
	at org.junit.runners.ParentRunner.access$000(ParentRunner.java:53)
	at org.junit.runners.ParentRunner$2.evaluate(ParentRunner.java:229)
	at org.junit.runners.ParentRunner.run(ParentRunner.java:309)
	at org.ops4j.pax.exam.junit.impl.ProbeRunner.run(ProbeRunner.java:98)
	at org.ops4j.pax.exam.junit.PaxExam.run(PaxExam.java:93)
	at org.apache.maven.surefire.junit4.JUnit4Provider.execute(JUnit4Provider.java:283)
	at org.apache.maven.surefire.junit4.JUnit4Provider.executeWithRerun(JUnit4Provider.java:173)
	at org.apache.maven.surefire.junit4.JUnit4Provider.executeTestSet(JUnit4Provider.java:153)
	at org.apache.maven.surefire.junit4.JUnit4Provider.invoke(JUnit4Provider.java:128)
	at org.apache.maven.surefire.booter.ForkedBooter.invokeProviderInSameClassLoader(ForkedBooter.java:203)
	at org.apache.maven.surefire.booter.ForkedBooter.runSuitesInProcess(ForkedBooter.java:155)
	at org.apache.maven.surefire.booter.ForkedBooter.main(ForkedBooter.java:103)







Results :

Tests in error: 
  InstallerIntegrationTest.testAddRemoveBundles » IO Error resolving artifact or...
  InstallerIntegrationTest.testAddRemoveOverlappingBundles » IO Error resolving ...
  InstallerIntegrationTest.testDontRemoveExistingBundle » IO Error resolving art...
  InstallerIntegrationTest.testErrorFromInvalidArchive » IO Error resolving arti...
  InstallerIntegrationTest.testInstallArchives » IO Error resolving artifact org...

Tests run: 5, Failures: 0, Errors: 5, Skipped: 0

[[1;34mINFO[m] [1m------------------------------------------------------------------------[m
[[1;34mINFO[m] [1mReactor Summary for Apache Felix File Install Plugin Reactor 1.0.0-SNAPSHOT:[m
[[1;34mINFO[m] 
[[1;34mINFO[m] Apache Felix File Install Resolver Plugin .......... [1;32mSUCCESS[m [  5.394 s]
[[1;34mINFO[m] Apache Felix File Install Installer Plugin ......... [1;32mSUCCESS[m [  2.413 s]
[[1;34mINFO[m] Apache Felix File Install Plugin - Artifact Installer Integration Test [1;31mFAILURE[m [  7.448 s]
[[1;34mINFO[m] Apache Felix File Install Plugin Reactor ........... [1;33mSKIPPED[m
[[1;34mINFO[m] [1m------------------------------------------------------------------------[m
[[1;34mINFO[m] [1;31mBUILD FAILURE[m
[[1;34mINFO[m] [1m------------------------------------------------------------------------[m
[[1;34mINFO[m] Total time:  15.820 s
[[1;34mINFO[m] Finished at: 2022-10-29T02:35:24-05:00
[[1;34mINFO[m] [1m------------------------------------------------------------------------[m
[[1;31mERROR[m] Failed to execute goal [32morg.apache.maven.plugins:maven-surefire-plugin:2.18.1:test[m [1m(default-test)[m on project [36morg.apache.felix.fileinstall.plugins.installer.test[m: [1;31mThere are test failures.[m
[[1;31mERROR[m] [1;31m[m
[[1;31mERROR[m] [1;31mPlease refer to /home/zixi2/felix-dev/fileinstall-plugins/installer.test/target/surefire-reports for the individual test results.[m
[[1;31mERROR[m] -> [1m[Help 1][m
[[1;31mERROR[m] 
[[1;31mERROR[m] To see the full stack trace of the errors, re-run Maven with the [1m-e[m switch.
[[1;31mERROR[m] Re-run Maven using the [1m-X[m switch to enable full debug logging.
[[1;31mERROR[m] 
[[1;31mERROR[m] For more information about the errors and possible solutions, please read the following articles:
[[1;31mERROR[m] [1m[Help 1][m http://cwiki.apache.org/confluence/display/MAVEN/MojoFailureException
[[1;31mERROR[m] 
[[1;31mERROR[m] After correcting the problems, you can resume the build with the command
[[1;31mERROR[m]   [1mmvn <args> -rf :org.apache.felix.fileinstall.plugins.installer.test[m
